#
# A fatal error has been detected by the Java Runtime Environment:
#
#  SIGSEGV (0xb) at pc=0x0000000108a804e6, pid=42735, tid=0x0000000000004303
#
# JRE version: OpenJDK Runtime Environment (8.0_152-b08) (build 1.8.0_152-release-915-b08)
# Java VM: OpenJDK 64-Bit Server VM (25.152-b08 mixed mode bsd-amd64 compressed oops)
# Problematic frame:
# V  [libjvm.dylib+0x4804e6]  PhaseChaitin::Split(unsigned int, ResourceArea*)+0x10b6
#
# Failed to write core dump. Core dumps have been disabled. To enable core dumping, try "ulimit -c unlimited" before starting Java again
#
# If you would like to submit a bug report, please visit:
#   http://bugreport.java.com/bugreport/crash.jsp
#

---------------  T H R E A D  ---------------

Current thread (0x00007fcf39807000):  JavaThread "C2 CompilerThread1" daemon [_thread_in_native, id=17155, stack(0x000070000193f000,0x0000700001a3f000)]

siginfo: si_signo: 11 (SIGSEGV), si_code: 1 (SEGV_MAPERR), si_addr: 0x00003fcf39eefe38

Registers:
RAX=0x00003fcf39eefe10, RBX=0x0000700001a3d2b8, RCX=0x0000000110e50010, RDX=0x000000000000006b
RSP=0x0000700001a3b870, RBP=0x0000700001a3ba50, RSI=0x000000000000006c, RDI=0x0000000000000034
R8 =0x000000000000000e, R9 =0x0000000000000000, R10=0x0000000000000003, R11=0x000000003d9dbc01
R12=0x0000000000000034, R13=0x0000000000000000, R14=0x000000000000006c, R15=0x00007fcf39f8a0c8
RIP=0x0000000108a804e6, EFLAGS=0x0000000000010297, ERR=0x0000000000000004
  TRAPNO=0x000000000000000e

Top of Stack: (sp=0x0000700001a3b870)
0x0000700001a3b870:   00007fcf00000001 0000000100000001
0x0000700001a3b880:   00007fcf00000000 00007fcf3a8056a0
0x0000700001a3b890:   0000700001a3bb80 00007fcf38418850
0x0000700001a3b8a0:   00007fcf38418860 00007fcf38418c38
0x0000700001a3b8b0:   00000000000003d8 0000000000000000
0x0000700001a3b8c0:   0000700001a3bbb0 0000700001a3d2b8
0x0000700001a3b8d0:   00007fcf3a805680 000000010888b144
0x0000700001a3b8e0:   0000700001a3d3c8 000042ed00000002
0x0000700001a3b8f0:   0000700001a3bb80 000000010000000f
0x0000700001a3b900:   00007fcf3e018010 0000000000000000
0x0000700001a3b910:   00007fcf39ece010 000000010874abaf
0x0000700001a3b920:   0000000000000001 00007fcf3bf1cc00
0x0000700001a3b930:   00007fcf39e62ed8 00007fcf3945d950
0x0000700001a3b940:   0000000000000000 00007fcf3bf18810
0x0000700001a3b950:   0000000000000000 00007fcf3e039810
0x0000700001a3b960:   00007fcf3945d910 00007fcf3da20010
0x0000700001a3b970:   00007fcf3bf1cbf0 00007fcf00000000
0x0000700001a3b980:   000042ed00000000 0000700001a3bb80
0x0000700001a3b990:   000000010000000f 00007fcf3e028c10
0x0000700001a3b9a0:   0000000000000000 0000000110e50010
0x0000700001a3b9b0:   00007fcf3d9dbd00 000000010874a7ef
0x0000700001a3b9c0:   00000000000042d4 00007fcf3d9dbcf0
0x0000700001a3b9d0:   0000000000000002 000000e63d8da120
0x0000700001a3b9e0:   000000000000006c 000000000000006c
0x0000700001a3b9f0:   0000000000000000 0000006b1182a2f0
0x0000700001a3ba00:   00007fcf39ece000 00007fcf39f8a0c8
0x0000700001a3ba10:   0000000000000000 0000700001a3d2b8
0x0000700001a3ba20:   0000431bffffffff 0000700001a3bbf0
0x0000700001a3ba30:   0000700001a3d3a0 0000700001a3d2b8
0x0000700001a3ba40:   0000700001a3d3a0 0000700001a3bb28
0x0000700001a3ba50:   0000700001a3bc80 00000001087492e6
0x0000700001a3ba60:   00007fffb7c03000 0000000108daeb10 

Instructions: (pc=0x0000000108a804e6)
0x0000000108a804c6:   05 00 00 41 39 d4 76 0d 44 89 e0 29 f0 a8 01 0f
0x0000000108a804d6:   84 bc 06 00 00 44 89 e7 49 8b 47 08 48 8b 04 f8
0x0000000108a804e6:   48 63 40 28 48 8b 5d c8 48 8b 8b 28 01 00 00 8b
0x0000000108a804f6:   04 81 3b 83 e8 00 00 00 0f 83 93 06 00 00 48 8b 

Register to memory mapping:

RAX=0x00003fcf39eefe10 is an unknown value
RBX=0x0000700001a3d2b8 is pointing into the stack for thread: 0x00007fcf39807000
RCX=0x0000000110e50010 is an unknown value
RDX=0x000000000000006b is an unknown value
RSP=0x0000700001a3b870 is pointing into the stack for thread: 0x00007fcf39807000
RBP=0x0000700001a3ba50 is pointing into the stack for thread: 0x00007fcf39807000
RSI=0x000000000000006c is an unknown value
RDI=0x0000000000000034 is an unknown value
R8 =0x000000000000000e is an unknown value
R9 =0x0000000000000000 is an unknown value
R10=0x0000000000000003 is an unknown value
R11=0x000000003d9dbc01 is an unknown value
R12=0x0000000000000034 is an unknown value
R13=0x0000000000000000 is an unknown value
R14=0x000000000000006c is an unknown value
R15=0x00007fcf39f8a0c8 is an unknown value


Stack: [0x000070000193f000,0x0000700001a3f000],  sp=0x0000700001a3b870,  free space=1010k
Native frames: (J=compiled Java code, j=interpreted, Vv=VM code, C=native code)
V  [libjvm.dylib+0x4804e6]  PhaseChaitin::Split(unsigned int, ResourceArea*)+0x10b6
V  [libjvm.dylib+0x1492e6]  PhaseChaitin::Register_Allocate()+0x472
V  [libjvm.dylib+0x195aa8]  Compile::Code_Gen()+0x14e
V  [libjvm.dylib+0x194490]  Compile::Compile(ciEnv*, C2Compiler*, ciMethod*, int, bool, bool, bool)+0x9fa
V  [libjvm.dylib+0x13ae76]  C2Compiler::compile_method(ciEnv*, ciMethod*, int)+0xa4
V  [libjvm.dylib+0x19f782]  CompileBroker::invoke_compiler_on_method(CompileTask*)+0x564
V  [libjvm.dylib+0x19ed80]  CompileBroker::compiler_thread_loop()+0x270
V  [libjvm.dylib+0x504ac0]  JavaThread::thread_main_inner()+0x82
V  [libjvm.dylib+0x504985]  JavaThread::run()+0x199
V  [libjvm.dylib+0x4345d9]  java_start(Thread*)+0xfa
C  [libsystem_pthread.dylib+0x393b]  _pthread_body+0xb4
C  [libsystem_pthread.dylib+0x3887]  _pthread_body+0x0
C  [libsystem_pthread.dylib+0x308d]  thread_start+0xd
C  0x0000000000000000


Current CompileTask:
C2:   4187 1301   !   4       java.net.URLClassLoader$1::run (63 bytes)


---------------  P R O C E S S  ---------------

Java Threads: ( => current thread )
  0x00007fcf39b38000 JavaThread "Cache worker for file hash cache (/Users/heesoopark/Desktop/final/TaskTaskeriffy/.gradle/4.1/fileHashes)" [_thread_blocked, id=24323, stack(0x0000700002769000,0x0000700002869000)]
  0x00007fcf3a544800 JavaThread "File lock request listener" [_thread_in_native, id=23811, stack(0x0000700002666000,0x0000700002766000)]
  0x00007fcf38d23800 JavaThread "Cache worker for file hash cache (/Users/heesoopark/.gradle/caches/4.1/fileHashes)" [_thread_blocked, id=23299, stack(0x0000700002563000,0x0000700002663000)]
  0x00007fcf3a4b2800 JavaThread "Stdin handler" [_thread_blocked, id=22787, stack(0x0000700002460000,0x0000700002560000)]
  0x00007fcf38d1e000 JavaThread "Asynchronous log dispatcher for DefaultDaemonConnection: socket connection from /127.0.0.1:50864 to /127.0.0.1:50865" [_thread_blocked, id=22275, stack(0x000070000235d000,0x000070000245d000)]
  0x00007fcf38d1c000 JavaThread "Daemon worker" [_thread_in_native, id=21763, stack(0x000070000225a000,0x000070000235a000)]
  0x00007fcf38d1b000 JavaThread "Cancel handler" [_thread_blocked, id=21251, stack(0x0000700002157000,0x0000700002257000)]
  0x00007fcf38ced800 JavaThread "Handler for socket connection from /127.0.0.1:50864 to /127.0.0.1:50865" [_thread_in_native, id=20739, stack(0x0000700002054000,0x0000700002154000)]
  0x00007fcf39310800 JavaThread "Daemon" [_thread_blocked, id=20227, stack(0x0000700001f51000,0x0000700002051000)]
  0x00007fcf39293800 JavaThread "Daemon periodic checks" [_thread_blocked, id=19715, stack(0x0000700001e4e000,0x0000700001f4e000)]
  0x00007fcf39ae0000 JavaThread "Incoming local TCP Connector on port 50864" [_thread_in_native, id=19203, stack(0x0000700001d4b000,0x0000700001e4b000)]
  0x00007fcf3900d000 JavaThread "Service Thread" daemon [_thread_blocked, id=18179, stack(0x0000700001b45000,0x0000700001c45000)]
  0x00007fcf3a062800 JavaThread "C1 CompilerThread2" daemon [_thread_blocked, id=17667, stack(0x0000700001a42000,0x0000700001b42000)]
=>0x00007fcf39807000 JavaThread "C2 CompilerThread1" daemon [_thread_in_native, id=17155, stack(0x000070000193f000,0x0000700001a3f000)]
  0x00007fcf39002800 JavaThread "C2 CompilerThread0" daemon [_thread_in_native, id=16643, stack(0x000070000183c000,0x000070000193c000)]
  0x00007fcf3981e800 JavaThread "Signal Dispatcher" daemon [_thread_blocked, id=16131, stack(0x0000700001739000,0x0000700001839000)]
  0x00007fcf3a058000 JavaThread "Finalizer" daemon [_thread_blocked, id=12291, stack(0x0000700001636000,0x0000700001736000)]
  0x00007fcf3a001000 JavaThread "Reference Handler" daemon [_thread_blocked, id=11779, stack(0x0000700001533000,0x0000700001633000)]
  0x00007fcf39004000 JavaThread "main" [_thread_blocked, id=6915, stack(0x0000700000f21000,0x0000700001021000)]

Other Threads:
  0x00007fcf3880e000 VMThread [stack: 0x0000700001430000,0x0000700001530000] [id=11267]
  0x00007fcf3881c000 WatcherThread [stack: 0x0000700001c48000,0x0000700001d48000] [id=18691]

VM state:not at safepoint (normal execution)

VM Mutex/Monitor currently owned by a thread: None

Heap:
 PSYoungGen      total 71680K, used 2061K [0x00000007a0000000, 0x00000007a4b00000, 0x00000007c0000000)
  eden space 66560K, 3% used [0x00000007a0000000,0x00000007a0203638,0x00000007a4100000)
  from space 5120K, 0% used [0x00000007a4600000,0x00000007a4600000,0x00000007a4b00000)
  to   space 5120K, 0% used [0x00000007a4100000,0x00000007a4100000,0x00000007a4600000)
 ParOldGen       total 64000K, used 9137K [0x0000000760000000, 0x0000000763e80000, 0x00000007a0000000)
  object space 64000K, 14% used [0x0000000760000000,0x00000007608ec6c8,0x0000000763e80000)
 Metaspace       used 20848K, capacity 21320K, committed 21504K, reserved 1067008K
  class space    used 2889K, capacity 3037K, committed 3072K, reserved 1048576K

Card table byte_map: [0x0000000109426000,0x0000000109727000] byte_map_base: 0x0000000105926000

Marking Bits: (ParMarkBitMap*) 0x0000000108df7128
 Begin Bits: [0x0000000109927000, 0x000000010b127000)
 End Bits:   [0x000000010b127000, 0x000000010c927000)

Polling page: 0x0000000107d89000

CodeCache: size=245760Kb used=5295Kb max_used=5295Kb free=240464Kb
 bounds [0x0000000111ee1000, 0x0000000112411000, 0x0000000120ee1000]
 total_blobs=2064 nmethods=1687 adapters=291
 compilation: enabled

Compilation events (10 events):
Event: 4.166 Thread 0x00007fcf3a062800 1706       1       org.codehaus.groovy.reflection.GeneratedMetaMethod::getReturnType (5 bytes)
Event: 4.167 Thread 0x00007fcf3a062800 nmethod 1706 0x000000011240c810 code [0x000000011240c960, 0x000000011240ca70]
Event: 4.167 Thread 0x00007fcf3a062800 1707       2       groovy.lang.MetaClassImpl::getPropName (72 bytes)
Event: 4.167 Thread 0x00007fcf3a062800 nmethod 1707 0x000000011240cad0 code [0x000000011240cc80, 0x000000011240cf68]
Event: 4.167 Thread 0x00007fcf3a062800 1708       2       groovy.lang.MetaClassImpl::createMetaBeanProperty (35 bytes)
Event: 4.168 Thread 0x00007fcf3a062800 nmethod 1708 0x000000011240d150 code [0x000000011240d2e0, 0x000000011240d528]
Event: 4.168 Thread 0x00007fcf3a062800 1709       2       groovy.lang.MetaClassImpl::makeReplacementMetaProperty (241 bytes)
Event: 4.170 Thread 0x00007fcf3a062800 nmethod 1709 0x000000011240d6d0 code [0x000000011240d920, 0x000000011240e468]
Event: 4.170 Thread 0x00007fcf3a062800 1710       1       org.codehaus.groovy.util.SingleKeyHashMap$Entry::getKey (5 bytes)
Event: 4.170 Thread 0x00007fcf3a062800 nmethod 1710 0x000000011240eb90 code [0x000000011240ece0, 0x000000011240edf0]

GC Heap History (10 events):
Event: 1.206 GC heap before
{Heap before GC invocations=1 (full 0):
 PSYoungGen      total 38400K, used 33280K [0x00000007a0000000, 0x00000007a2a80000, 0x00000007c0000000)
  eden space 33280K, 100% used [0x00000007a0000000,0x00000007a2080000,0x00000007a2080000)
  from space 5120K, 0% used [0x00000007a2580000,0x00000007a2580000,0x00000007a2a80000)
  to   space 5120K, 0% used [0x00000007a2080000,0x00000007a2080000,0x00000007a2580000)
 ParOldGen       total 87552K, used 0K [0x0000000760000000, 0x0000000765580000, 0x00000007a0000000)
  object space 87552K, 0% used [0x0000000760000000,0x0000000760000000,0x0000000765580000)
 Metaspace       used 6829K, capacity 6990K, committed 7168K, reserved 1056768K
  class space    used 833K, capacity 907K, committed 1024K, reserved 1048576K
Event: 1.216 GC heap after
Heap after GC invocations=1 (full 0):
 PSYoungGen      total 38400K, used 4393K [0x00000007a0000000, 0x00000007a2a80000, 0x00000007c0000000)
  eden space 33280K, 0% used [0x00000007a0000000,0x00000007a0000000,0x00000007a2080000)
  from space 5120K, 85% used [0x00000007a2080000,0x00000007a24ca750,0x00000007a2580000)
  to   space 5120K, 0% used [0x00000007a2580000,0x00000007a2580000,0x00000007a2a80000)
 ParOldGen       total 87552K, used 8K [0x0000000760000000, 0x0000000765580000, 0x00000007a0000000)
  object space 87552K, 0% used [0x0000000760000000,0x0000000760002000,0x0000000765580000)
 Metaspace       used 6829K, capacity 6990K, committed 7168K, reserved 1056768K
  class space    used 833K, capacity 907K, committed 1024K, reserved 1048576K
}
Event: 2.149 GC heap before
{Heap before GC invocations=2 (full 0):
 PSYoungGen      total 38400K, used 37673K [0x00000007a0000000, 0x00000007a2a80000, 0x00000007c0000000)
  eden space 33280K, 100% used [0x00000007a0000000,0x00000007a2080000,0x00000007a2080000)
  from space 5120K, 85% used [0x00000007a2080000,0x00000007a24ca750,0x00000007a2580000)
  to   space 5120K, 0% used [0x00000007a2580000,0x00000007a2580000,0x00000007a2a80000)
 ParOldGen       total 87552K, used 8K [0x0000000760000000, 0x0000000765580000, 0x00000007a0000000)
  object space 87552K, 0% used [0x0000000760000000,0x0000000760002000,0x0000000765580000)
 Metaspace       used 12061K, capacity 12426K, committed 12544K, reserved 1060864K
  class space    used 1650K, capacity 1767K, committed 1792K, reserved 1048576K
Event: 2.164 GC heap after
Heap after GC invocations=2 (full 0):
 PSYoungGen      total 38400K, used 5114K [0x00000007a0000000, 0x00000007a4b00000, 0x00000007c0000000)
  eden space 33280K, 0% used [0x00000007a0000000,0x00000007a0000000,0x00000007a2080000)
  from space 5120K, 99% used [0x00000007a2580000,0x00000007a2a7e998,0x00000007a2a80000)
  to   space 5120K, 0% used [0x00000007a2080000,0x00000007a2080000,0x00000007a2580000)
 ParOldGen       total 87552K, used 872K [0x0000000760000000, 0x0000000765580000, 0x00000007a0000000)
  object space 87552K, 0% used [0x0000000760000000,0x00000007600da078,0x0000000765580000)
 Metaspace       used 12061K, capacity 12426K, committed 12544K, reserved 1060864K
  class space    used 1650K, capacity 1767K, committed 1792K, reserved 1048576K
}
Event: 2.920 GC heap before
{Heap before GC invocations=3 (full 0):
 PSYoungGen      total 38400K, used 38394K [0x00000007a0000000, 0x00000007a4b00000, 0x00000007c0000000)
  eden space 33280K, 100% used [0x00000007a0000000,0x00000007a2080000,0x00000007a2080000)
  from space 5120K, 99% used [0x00000007a2580000,0x00000007a2a7e998,0x00000007a2a80000)
  to   space 5120K, 0% used [0x00000007a2080000,0x00000007a2080000,0x00000007a2580000)
 ParOldGen       total 87552K, used 872K [0x0000000760000000, 0x0000000765580000, 0x00000007a0000000)
  object space 87552K, 0% used [0x0000000760000000,0x00000007600da078,0x0000000765580000)
 Metaspace       used 15465K, capacity 15790K, committed 16000K, reserved 1062912K
  class space    used 2197K, capacity 2313K, committed 2432K, reserved 1048576K
Event: 2.935 GC heap after
Heap after GC invocations=3 (full 0):
 PSYoungGen      total 38400K, used 5116K [0x00000007a0000000, 0x00000007a4b00000, 0x00000007c0000000)
  eden space 33280K, 0% used [0x00000007a0000000,0x00000007a0000000,0x00000007a2080000)
  from space 5120K, 99% used [0x00000007a2080000,0x00000007a257f010,0x00000007a2580000)
  to   space 5120K, 0% used [0x00000007a4600000,0x00000007a4600000,0x00000007a4b00000)
 ParOldGen       total 87552K, used 3578K [0x0000000760000000, 0x0000000765580000, 0x00000007a0000000)
  object space 87552K, 4% used [0x0000000760000000,0x000000076037eaa8,0x0000000765580000)
 Metaspace       used 15465K, capacity 15790K, committed 16000K, reserved 1062912K
  class space    used 2197K, capacity 2313K, committed 2432K, reserved 1048576K
}
Event: 4.035 GC heap before
{Heap before GC invocations=4 (full 0):
 PSYoungGen      total 38400K, used 36341K [0x00000007a0000000, 0x00000007a4b00000, 0x00000007c0000000)
  eden space 33280K, 93% used [0x00000007a0000000,0x00000007a1e7e440,0x00000007a2080000)
  from space 5120K, 99% used [0x00000007a2080000,0x00000007a257f010,0x00000007a2580000)
  to   space 5120K, 0% used [0x00000007a4600000,0x00000007a4600000,0x00000007a4b00000)
 ParOldGen       total 87552K, used 3578K [0x0000000760000000, 0x0000000765580000, 0x00000007a0000000)
  object space 87552K, 4% used [0x0000000760000000,0x000000076037eaa8,0x0000000765580000)
 Metaspace       used 20638K, capacity 21096K, committed 21248K, reserved 1067008K
  class space    used 2862K, capacity 3005K, committed 3072K, reserved 1048576K
Event: 4.060 GC heap after
Heap after GC invocations=4 (full 0):
 PSYoungGen      total 71680K, used 5088K [0x00000007a0000000, 0x00000007a4b00000, 0x00000007c0000000)
  eden space 66560K, 0% used [0x00000007a0000000,0x00000007a0000000,0x00000007a4100000)
  from space 5120K, 99% used [0x00000007a4600000,0x00000007a4af8030,0x00000007a4b00000)
  to   space 5120K, 0% used [0x00000007a4100000,0x00000007a4100000,0x00000007a4600000)
 ParOldGen       total 87552K, used 7854K [0x0000000760000000, 0x0000000765580000, 0x00000007a0000000)
  object space 87552K, 8% used [0x0000000760000000,0x00000007607ab9c8,0x0000000765580000)
 Metaspace       used 20638K, capacity 21096K, committed 21248K, reserved 1067008K
  class space    used 2862K, capacity 3005K, committed 3072K, reserved 1048576K
}
Event: 4.060 GC heap before
{Heap before GC invocations=5 (full 1):
 PSYoungGen      total 71680K, used 5088K [0x00000007a0000000, 0x00000007a4b00000, 0x00000007c0000000)
  eden space 66560K, 0% used [0x00000007a0000000,0x00000007a0000000,0x00000007a4100000)
  from space 5120K, 99% used [0x00000007a4600000,0x00000007a4af8030,0x00000007a4b00000)
  to   space 5120K, 0% used [0x00000007a4100000,0x00000007a4100000,0x00000007a4600000)
 ParOldGen       total 87552K, used 7854K [0x0000000760000000, 0x0000000765580000, 0x00000007a0000000)
  object space 87552K, 8% used [0x0000000760000000,0x00000007607ab9c8,0x0000000765580000)
 Metaspace       used 20638K, capacity 21096K, committed 21248K, reserved 1067008K
  class space    used 2862K, capacity 3005K, committed 3072K, reserved 1048576K
Event: 4.122 GC heap after
Heap after GC invocations=5 (full 1):
 PSYoungGen      total 71680K, used 0K [0x00000007a0000000, 0x00000007a4b00000, 0x00000007c0000000)
  eden space 66560K, 0% used [0x00000007a0000000,0x00000007a0000000,0x00000007a4100000)
  from space 5120K, 0% used [0x00000007a4600000,0x00000007a4600000,0x00000007a4b00000)
  to   space 5120K, 0% used [0x00000007a4100000,0x00000007a4100000,0x00000007a4600000)
 ParOldGen       total 64000K, used 9137K [0x0000000760000000, 0x0000000763e80000, 0x00000007a0000000)
  object space 64000K, 14% used [0x0000000760000000,0x00000007608ec6c8,0x0000000763e80000)
 Metaspace       used 20638K, capacity 21096K, committed 21248K, reserved 1067008K
  class space    used 2862K, capacity 3005K, committed 3072K, reserved 1048576K
}

Deoptimization events (10 events):
Event: 3.107 Thread 0x00007fcf38d1c000 Uncommon trap: reason=bimorphic action=maybe_recompile pc=0x00000001122d83d4 method=java.lang.ClassLoader.loadClass(Ljava/lang/String;Z)Ljava/lang/Class; @ 38
Event: 3.107 Thread 0x00007fcf38d1c000 Uncommon trap: reason=bimorphic action=maybe_recompile pc=0x00000001122d83d4 method=java.lang.ClassLoader.loadClass(Ljava/lang/String;Z)Ljava/lang/Class; @ 38
Event: 3.256 Thread 0x00007fcf38d1c000 Uncommon trap: reason=unstable_if action=reinterpret pc=0x00000001120d0ac4 method=java.lang.AbstractStringBuilder.append(Ljava/lang/String;)Ljava/lang/AbstractStringBuilder; @ 1
Event: 3.256 Thread 0x00007fcf38d1c000 Uncommon trap: reason=unstable_if action=reinterpret pc=0x000000011208158c method=java.lang.AbstractStringBuilder.append(Ljava/lang/String;)Ljava/lang/AbstractStringBuilder; @ 1
Event: 3.418 Thread 0x00007fcf38d1c000 Uncommon trap: reason=class_check action=maybe_recompile pc=0x000000011206b3f4 method=java.lang.String.equals(Ljava/lang/Object;)Z @ 8
Event: 3.418 Thread 0x00007fcf38d1c000 Uncommon trap: reason=class_check action=maybe_recompile pc=0x000000011206b3f4 method=java.lang.String.equals(Ljava/lang/Object;)Z @ 8
Event: 3.420 Thread 0x00007fcf38d1c000 Uncommon trap: reason=class_check action=maybe_recompile pc=0x000000011206b3f4 method=java.lang.String.equals(Ljava/lang/Object;)Z @ 8
Event: 3.420 Thread 0x00007fcf38d1c000 Uncommon trap: reason=class_check action=maybe_recompile pc=0x000000011206b3f4 method=java.lang.String.equals(Ljava/lang/Object;)Z @ 8
Event: 3.479 Thread 0x00007fcf38d1c000 Uncommon trap: reason=class_check action=maybe_recompile pc=0x00000001120b0180 method=sun.misc.URLClassPath.getLoader(I)Lsun/misc/URLClassPath$Loader; @ 94
Event: 3.479 Thread 0x00007fcf38d1c000 Uncommon trap: reason=class_check action=maybe_recompile pc=0x00000001121c822c method=sun.misc.URLClassPath.getResource(Ljava/lang/String;Z)Lsun/misc/Resource; @ 62

Classes redefined (0 events):
No events

Internal exceptions (10 events):
Event: 4.015 Thread 0x00007fcf38d1c000 Exception <a 'java/lang/ClassNotFoundException': org/gradle/groovy/scripts/ScriptBeanInfo> (0x00000007a1dda438) thrown at [/Volumes/android/AOSP-openjdk-git/jdk8u/hotspot/src/share/vm/classfile/systemDictionary.cpp, line 210]
Event: 4.016 Thread 0x00007fcf38d1c000 Exception <a 'java/lang/ClassNotFoundException': groovy/lang/ScriptBeanInfo> (0x00000007a1de69e0) thrown at [/Volumes/android/AOSP-openjdk-git/jdk8u/hotspot/src/share/vm/classfile/systemDictionary.cpp, line 210]
Event: 4.017 Thread 0x00007fcf38d1c000 Exception <a 'java/lang/ClassNotFoundException': groovy/lang/ScriptCustomizer> (0x00000007a1df3b28) thrown at [/Volumes/android/AOSP-openjdk-git/jdk8u/hotspot/src/share/vm/classfile/systemDictionary.cpp, line 210]
Event: 4.018 Thread 0x00007fcf38d1c000 Exception <a 'java/lang/ClassNotFoundException': org/gradle/groovy/scripts/ScriptCustomizer> (0x00000007a1e0d058) thrown at [/Volumes/android/AOSP-openjdk-git/jdk8u/hotspot/src/share/vm/classfile/systemDictionary.cpp, line 210]
Event: 4.020 Thread 0x00007fcf38d1c000 Exception <a 'java/lang/ClassNotFoundException': org/gradle/groovy/scripts/BasicScriptCustomizer> (0x00000007a1e26ac0) thrown at [/Volumes/android/AOSP-openjdk-git/jdk8u/hotspot/src/share/vm/classfile/systemDictionary.cpp, line 210]
Event: 4.026 Thread 0x00007fcf38d1c000 Exception <a 'java/lang/ClassNotFoundException': org/gradle/groovy/scripts/DefaultScriptCustomizer> (0x00000007a1e46ac0) thrown at [/Volumes/android/AOSP-openjdk-git/jdk8u/hotspot/src/share/vm/classfile/systemDictionary.cpp, line 210]
Event: 4.130 Thread 0x00007fcf38d1c000 Exception <a 'java/lang/ClassNotFoundException': org/gradle/initialization/InitScriptCustomizer> (0x00000007a002d598) thrown at [/Volumes/android/AOSP-openjdk-git/jdk8u/hotspot/src/share/vm/classfile/systemDictionary.cpp, line 210]
Event: 4.133 Thread 0x00007fcf38d1c000 Exception <a 'java/lang/ClassNotFoundException': sync_local_repo1745_agvhnj157vlxldefyuz2b11nCustomizer> (0x00000007a0040ae8) thrown at [/Volumes/android/AOSP-openjdk-git/jdk8u/hotspot/src/share/vm/classfile/systemDictionary.cpp, line 210]
Event: 4.162 Thread 0x00007fcf38d1c000 Exception <a 'java/lang/ClassNotFoundException': org/gradle/api/internal/plugins/DefaultExtraPropertiesExtensionBeanInfo> (0x00000007a013d248) thrown at [/Volumes/android/AOSP-openjdk-git/jdk8u/hotspot/src/share/vm/classfile/systemDictionary.cpp, line 210
Event: 4.164 Thread 0x00007fcf38d1c000 Exception <a 'java/lang/ClassNotFoundException': org/gradle/api/internal/plugins/DefaultExtraPropertiesExtensionCustomizer> (0x00000007a0152100) thrown at [/Volumes/android/AOSP-openjdk-git/jdk8u/hotspot/src/share/vm/classfile/systemDictionary.cpp, line 2

Events (10 events):
Event: 4.170 loading class org/gradle/model/internal/type/ModelType$Simple
Event: 4.170 loading class org/gradle/model/internal/type/ModelType$Simple done
Event: 4.171 loading class org/gradle/model/internal/type/TypeWrapper
Event: 4.171 loading class org/gradle/model/internal/type/TypeWrapper done
Event: 4.171 loading class org/gradle/model/internal/type/ClassTypeWrapper
Event: 4.171 loading class org/gradle/model/internal/type/ClassTypeWrapper done
Event: 4.172 loading class org/gradle/api/plugins/DeferredConfigurable
Event: 4.172 loading class org/gradle/api/plugins/DeferredConfigurable done
Event: 4.173 loading class org/gradle/api/internal/plugins/ExtraPropertiesDynamicObjectAdapter
Event: 4.173 loading class org/gradle/api/internal/plugins/ExtraPropertiesDynamicObjectAdapter done


Dynamic libraries:
0x00000000239e9000 	/System/Library/Frameworks/Cocoa.framework/Versions/A/Cocoa
0x00000000239e9000 	/System/Library/Frameworks/Security.framework/Versions/A/Security
0x00000000239e9000 	/System/Library/Frameworks/ApplicationServices.framework/Versions/A/ApplicationServices
0x00000000239e9000 	/usr/lib/libz.1.dylib
0x00000000239e9000 	/usr/lib/libSystem.B.dylib
0x00000000239e9000 	/System/Library/Frameworks/CoreFoundation.framework/Versions/A/CoreFoundation
0x00000000239e9000 	/System/Library/Frameworks/Foundation.framework/Versions/C/Foundation
0x00000000239e9000 	/usr/lib/libobjc.A.dylib
0x00000000239e9000 	/System/Library/Frameworks/AppKit.framework/Versions/C/AppKit
0x00000000239e9000 	/System/Library/Frameworks/CoreData.framework/Versions/A/CoreData
0x00000000239e9000 	/System/Library/PrivateFrameworks/RemoteViewServices.framework/Versions/A/RemoteViewServices
0x00000000239e9000 	/System/Library/PrivateFrameworks/UIFoundation.framework/Versions/A/UIFoundation
0x00000000239e9000 	/System/Library/PrivateFrameworks/DFRFoundation.framework/Versions/A/DFRFoundation
0x00000000239e9000 	/usr/lib/libenergytrace.dylib
0x00000000239e9000 	/System/Library/PrivateFrameworks/SkyLight.framework/Versions/A/SkyLight
0x00000000239e9000 	/System/Library/Frameworks/CoreGraphics.framework/Versions/A/CoreGraphics
0x00000000239e9000 	/usr/lib/libScreenReader.dylib
0x00000000239e9000 	/System/Library/Frameworks/Accelerate.framework/Versions/A/Accelerate
0x00000000239e9000 	/System/Library/Frameworks/IOSurface.framework/Versions/A/IOSurface
0x00000000239e9000 	/System/Library/Frameworks/AudioToolbox.framework/Versions/A/AudioToolbox
0x00000000239e9000 	/System/Library/Frameworks/AudioUnit.framework/Versions/A/AudioUnit
0x00000000239e9000 	/System/Library/PrivateFrameworks/DataDetectorsCore.framework/Versions/A/DataDetectorsCore
0x00000000239e9000 	/System/Library/PrivateFrameworks/DesktopServicesPriv.framework/Versions/A/DesktopServicesPriv
0x00000000239e9000 	/System/Library/Frameworks/Carbon.framework/Versions/A/Frameworks/HIToolbox.framework/Versions/A/HIToolbox
0x00000000239e9000 	/usr/lib/libicucore.A.dylib
0x00000000239e9000 	/System/Library/Frameworks/QuartzCore.framework/Versions/A/QuartzCore
0x00000000239e9000 	/System/Library/Frameworks/Carbon.framework/Versions/A/Frameworks/SpeechRecognition.framework/Versions/A/SpeechRecognition
0x00000000239e9000 	/usr/lib/libauto.dylib
0x00000000239e9000 	/usr/lib/libxml2.2.dylib
0x00000000239e9000 	/System/Library/PrivateFrameworks/CoreUI.framework/Versions/A/CoreUI
0x00000000239e9000 	/System/Library/Frameworks/CoreAudio.framework/Versions/A/CoreAudio
0x00000000239e9000 	/System/Library/Frameworks/DiskArbitration.framework/Versions/A/DiskArbitration
0x00000000239e9000 	/usr/lib/liblangid.dylib
0x00000000239e9000 	/System/Library/PrivateFrameworks/MultitouchSupport.framework/Versions/A/MultitouchSupport
0x00000000239e9000 	/System/Library/Frameworks/IOKit.framework/Versions/A/IOKit
0x00000000239e9000 	/usr/lib/libDiagnosticMessagesClient.dylib
0x00000000239e9000 	/System/Library/Frameworks/CoreServices.framework/Versions/A/CoreServices
0x00000000239e9000 	/System/Library/PrivateFrameworks/PerformanceAnalysis.framework/Versions/A/PerformanceAnalysis
0x00000000239e9000 	/System/Library/PrivateFrameworks/GenerationalStorage.framework/Versions/A/GenerationalStorage
0x00000000239e9000 	/System/Library/Frameworks/OpenGL.framework/Versions/A/OpenGL
0x00000000239e9000 	/System/Library/Frameworks/CoreImage.framework/Versions/A/CoreImage
0x00000000239e9000 	/System/Library/Frameworks/CoreText.framework/Versions/A/CoreText
0x00000000239e9000 	/System/Library/Frameworks/ImageIO.framework/Versions/A/ImageIO
0x00000000239e9000 	/System/Library/PrivateFrameworks/Backup.framework/Versions/A/Backup
0x00000000239e9000 	/usr/lib/libarchive.2.dylib
0x00000000239e9000 	/System/Library/Frameworks/CFNetwork.framework/Versions/A/CFNetwork
0x00000000239e9000 	/System/Library/Frameworks/SystemConfiguration.framework/Versions/A/SystemConfiguration
0x00000000239e9000 	/usr/lib/libCRFSuite.dylib
0x00000000239e9000 	/usr/lib/libc++.1.dylib
0x00000000239e9000 	/usr/lib/libc++abi.dylib
0x00000000239e9000 	/usr/lib/system/libcache.dylib
0x00000000239e9000 	/usr/lib/system/libcommonCrypto.dylib
0x00000000239e9000 	/usr/lib/system/libcompiler_rt.dylib
0x00000000239e9000 	/usr/lib/system/libcopyfile.dylib
0x00000000239e9000 	/usr/lib/system/libcorecrypto.dylib
0x00000000239e9000 	/usr/lib/system/libdispatch.dylib
0x00000000239e9000 	/usr/lib/system/libdyld.dylib
0x00000000239e9000 	/usr/lib/system/libkeymgr.dylib
0x00000000239e9000 	/usr/lib/system/liblaunch.dylib
0x00000000239e9000 	/usr/lib/system/libmacho.dylib
0x00000000239e9000 	/usr/lib/system/libquarantine.dylib
0x00000000239e9000 	/usr/lib/system/libremovefile.dylib
0x00000000239e9000 	/usr/lib/system/libsystem_asl.dylib
0x00000000239e9000 	/usr/lib/system/libsystem_blocks.dylib
0x00000000239e9000 	/usr/lib/system/libsystem_c.dylib
0x00000000239e9000 	/usr/lib/system/libsystem_configuration.dylib
0x00000000239e9000 	/usr/lib/system/libsystem_coreservices.dylib
0x00000000239e9000 	/usr/lib/system/libsystem_coretls.dylib
0x00000000239e9000 	/usr/lib/system/libsystem_dnssd.dylib
0x00000000239e9000 	/usr/lib/system/libsystem_info.dylib
0x00000000239e9000 	/usr/lib/system/libsystem_kernel.dylib
0x00000000239e9000 	/usr/lib/system/libsystem_m.dylib
0x00000000239e9000 	/usr/lib/system/libsystem_malloc.dylib
0x00000000239e9000 	/usr/lib/system/libsystem_network.dylib
0x00000000239e9000 	/usr/lib/system/libsystem_networkextension.dylib
0x00000000239e9000 	/usr/lib/system/libsystem_notify.dylib
0x00000000239e9000 	/usr/lib/system/libsystem_platform.dylib
0x00000000239e9000 	/usr/lib/system/libsystem_pthread.dylib
0x00000000239e9000 	/usr/lib/system/libsystem_sandbox.dylib
0x00000000239e9000 	/usr/lib/system/libsystem_secinit.dylib
0x00000000239e9000 	/usr/lib/system/libsystem_symptoms.dylib
0x00000000239e9000 	/usr/lib/system/libsystem_trace.dylib
0x00000000239e9000 	/usr/lib/system/libunwind.dylib
0x00000000239e9000 	/usr/lib/system/libxpc.dylib
0x00000000239e9000 	/usr/lib/libbsm.0.dylib
0x00000000239e9000 	/usr/lib/system/libkxld.dylib
0x00000000239e9000 	/usr/lib/libcoretls.dylib
0x00000000239e9000 	/usr/lib/libcoretls_cfhelpers.dylib
0x00000000239e9000 	/usr/lib/libOpenScriptingUtil.dylib
0x00000000239e9000 	/usr/lib/libpam.2.dylib
0x00000000239e9000 	/usr/lib/libsqlite3.dylib
0x00000000239e9000 	/usr/lib/libxar.1.dylib
0x00000000239e9000 	/usr/lib/libbz2.1.0.dylib
0x00000000239e9000 	/usr/lib/liblzma.5.dylib
0x00000000239e9000 	/usr/lib/libnetwork.dylib
0x00000000239e9000 	/usr/lib/libpcap.A.dylib
0x00000000239e9000 	/System/Library/Frameworks/CoreServices.framework/Versions/A/Frameworks/FSEvents.framework/Versions/A/FSEvents
0x00000000239e9000 	/System/Library/Frameworks/CoreServices.framework/Versions/A/Frameworks/CarbonCore.framework/Versions/A/CarbonCore
0x00000000239e9000 	/System/Library/Frameworks/CoreServices.framework/Versions/A/Frameworks/Metadata.framework/Versions/A/Metadata
0x00000000239e9000 	/System/Library/Frameworks/CoreServices.framework/Versions/A/Frameworks/OSServices.framework/Versions/A/OSServices
0x00000000239e9000 	/System/Library/Frameworks/CoreServices.framework/Versions/A/Frameworks/SearchKit.framework/Versions/A/SearchKit
0x00000000239e9000 	/System/Library/Frameworks/CoreServices.framework/Versions/A/Frameworks/AE.framework/Versions/A/AE
0x00000000239e9000 	/System/Library/Frameworks/CoreServices.framework/Versions/A/Frameworks/LaunchServices.framework/Versions/A/LaunchServices
0x00000000239e9000 	/System/Library/Frameworks/CoreServices.framework/Versions/A/Frameworks/DictionaryServices.framework/Versions/A/DictionaryServices
0x00000000239e9000 	/System/Library/Frameworks/CoreServices.framework/Versions/A/Frameworks/SharedFileList.framework/Versions/A/SharedFileList
0x00000000239e9000 	/System/Library/Frameworks/NetFS.framework/Versions/A/NetFS
0x00000000239e9000 	/System/Library/PrivateFrameworks/NetAuth.framework/Versions/A/NetAuth
0x00000000239e9000 	/System/Library/PrivateFrameworks/login.framework/Versions/A/Frameworks/loginsupport.framework/Versions/A/loginsupport
0x00000000239e9000 	/System/Library/PrivateFrameworks/TCC.framework/Versions/A/TCC
0x00000000239e9000 	/usr/lib/libmecabra.dylib
0x00000000239e9000 	/System/Library/Frameworks/ApplicationServices.framework/Versions/A/Frameworks/ATS.framework/Versions/A/ATS
0x00000000239e9000 	/System/Library/Frameworks/ApplicationServices.framework/Versions/A/Frameworks/ColorSync.framework/Versions/A/ColorSync
0x00000000239e9000 	/System/Library/Frameworks/ApplicationServices.framework/Versions/A/Frameworks/HIServices.framework/Versions/A/HIServices
0x00000000239e9000 	/System/Library/Frameworks/ApplicationServices.framework/Versions/A/Frameworks/LangAnalysis.framework/Versions/A/LangAnalysis
0x00000000239e9000 	/System/Library/Frameworks/ApplicationServices.framework/Versions/A/Frameworks/PrintCore.framework/Versions/A/PrintCore
0x00000000239e9000 	/System/Library/Frameworks/ApplicationServices.framework/Versions/A/Frameworks/QD.framework/Versions/A/QD
0x00000000239e9000 	/System/Library/Frameworks/ApplicationServices.framework/Versions/A/Frameworks/SpeechSynthesis.framework/Versions/A/SpeechSynthesis
0x00000000239e9000 	/System/Library/Frameworks/Accelerate.framework/Versions/A/Frameworks/vImage.framework/Versions/A/vImage
0x00000000239e9000 	/System/Library/Frameworks/Accelerate.framework/Versions/A/Frameworks/vecLib.framework/Versions/A/vecLib
0x00000000239e9000 	/System/Library/Frameworks/Accelerate.framework/Versions/A/Frameworks/vecLib.framework/Versions/A/libvDSP.dylib
0x00000000239e9000 	/System/Library/Frameworks/Accelerate.framework/Versions/A/Frameworks/vecLib.framework/Versions/A/libBNNS.dylib
0x00000000239e9000 	/System/Library/Frameworks/Accelerate.framework/Versions/A/Frameworks/vecLib.framework/Versions/A/libQuadrature.dylib
0x00000000239e9000 	/System/Library/Frameworks/Accelerate.framework/Versions/A/Frameworks/vecLib.framework/Versions/A/libvMisc.dylib
0x00000000239e9000 	/System/Library/Frameworks/Accelerate.framework/Versions/A/Frameworks/vecLib.framework/Versions/A/libLAPACK.dylib
0x00000000239e9000 	/System/Library/Frameworks/Accelerate.framework/Versions/A/Frameworks/vecLib.framework/Versions/A/libBLAS.dylib
0x00000000239e9000 	/System/Library/Frameworks/Accelerate.framework/Versions/A/Frameworks/vecLib.framework/Versions/A/libLinearAlgebra.dylib
0x00000000239e9000 	/System/Library/Frameworks/Accelerate.framework/Versions/A/Frameworks/vecLib.framework/Versions/A/libSparseBLAS.dylib
0x00000000239e9000 	/System/Library/Frameworks/ApplicationServices.framework/Versions/A/Frameworks/ATS.framework/Versions/A/Resources/libFontParser.dylib
0x00000000239e9000 	/System/Library/Frameworks/ApplicationServices.framework/Versions/A/Frameworks/ATS.framework/Versions/A/Resources/libFontRegistry.dylib
0x00000000239e9000 	/System/Library/Frameworks/ImageIO.framework/Versions/A/Resources/libJPEG.dylib
0x00000000239e9000 	/System/Library/Frameworks/ImageIO.framework/Versions/A/Resources/libTIFF.dylib
0x00000000239e9000 	/System/Library/Frameworks/ImageIO.framework/Versions/A/Resources/libPng.dylib
0x00000000239e9000 	/System/Library/Frameworks/ImageIO.framework/Versions/A/Resources/libGIF.dylib
0x00000000239e9000 	/System/Library/Frameworks/ImageIO.framework/Versions/A/Resources/libJP2.dylib
0x00000000239e9000 	/System/Library/Frameworks/ImageIO.framework/Versions/A/Resources/libRadiance.dylib
0x00000000239e9000 	/usr/lib/libcompression.dylib
0x00000000239e9000 	/System/Library/PrivateFrameworks/AppleJPEG.framework/Versions/A/AppleJPEG
0x00000000239e9000 	/usr/lib/libcups.2.dylib
0x00000000239e9000 	/System/Library/Frameworks/Kerberos.framework/Versions/A/Kerberos
0x00000000239e9000 	/System/Library/Frameworks/GSS.framework/Versions/A/GSS
0x00000000239e9000 	/usr/lib/libresolv.9.dylib
0x00000000239e9000 	/usr/lib/libiconv.2.dylib
0x00000000239e9000 	/System/Library/PrivateFrameworks/Heimdal.framework/Versions/A/Heimdal
0x00000000239e9000 	/usr/lib/libheimdal-asn1.dylib
0x00000000239e9000 	/System/Library/Frameworks/OpenDirectory.framework/Versions/A/OpenDirectory
0x00000000239e9000 	/System/Library/PrivateFrameworks/CommonAuth.framework/Versions/A/CommonAuth
0x00000000239e9000 	/System/Library/Frameworks/OpenDirectory.framework/Versions/A/Frameworks/CFOpenDirectory.framework/Versions/A/CFOpenDirectory
0x00000000239e9000 	/System/Library/Frameworks/SecurityFoundation.framework/Versions/A/SecurityFoundation
0x00000000239e9000 	/System/Library/PrivateFrameworks/LanguageModeling.framework/Versions/A/LanguageModeling
0x00000000239e9000 	/usr/lib/libmarisa.dylib
0x00000000239e9000 	/usr/lib/libChineseTokenizer.dylib
0x00000000239e9000 	/usr/lib/libcmph.dylib
0x00000000239e9000 	/System/Library/PrivateFrameworks/CoreEmoji.framework/Versions/A/CoreEmoji
0x00000000239e9000 	/System/Library/Frameworks/ServiceManagement.framework/Versions/A/ServiceManagement
0x00000000239e9000 	/usr/lib/libxslt.1.dylib
0x00000000239e9000 	/System/Library/Frameworks/Carbon.framework/Versions/A/Frameworks/Ink.framework/Versions/A/Ink
0x00000000239e9000 	/System/Library/PrivateFrameworks/TextureIO.framework/Versions/A/TextureIO
0x00000000239e9000 	/System/Library/Frameworks/Metal.framework/Versions/A/Metal
0x00000000239e9000 	/usr/lib/libate.dylib
0x00000000239e9000 	/System/Library/PrivateFrameworks/GPUCompiler.framework/libmetal_timestamp.dylib
0x00000000239e9000 	/System/Library/Frameworks/OpenGL.framework/Versions/A/Libraries/libCoreFSCache.dylib
0x00000000239e9000 	/System/Library/PrivateFrameworks/IOAccelerator.framework/Versions/A/IOAccelerator
0x00000000239e9000 	/System/Library/Frameworks/CoreVideo.framework/Versions/A/CoreVideo
0x00000000239e9000 	/usr/lib/libFosl_dynamic.dylib
0x00000000239e9000 	/System/Library/PrivateFrameworks/MetalPerformanceShaders.framework/Versions/A/MetalPerformanceShaders
0x00000000239e9000 	/System/Library/PrivateFrameworks/FaceCore.framework/Versions/A/FaceCore
0x00000000239e9000 	/System/Library/Frameworks/OpenCL.framework/Versions/A/OpenCL
0x00000000239e9000 	/System/Library/Frameworks/OpenGL.framework/Versions/A/Libraries/libGLU.dylib
0x00000000239e9000 	/System/Library/Frameworks/OpenGL.framework/Versions/A/Libraries/libGFXShared.dylib
0x00000000239e9000 	/System/Library/Frameworks/OpenGL.framework/Versions/A/Libraries/libGL.dylib
0x00000000239e9000 	/System/Library/Frameworks/OpenGL.framework/Versions/A/Libraries/libGLImage.dylib
0x00000000239e9000 	/System/Library/Frameworks/OpenGL.framework/Versions/A/Libraries/libCVMSPluginSupport.dylib
0x00000000239e9000 	/System/Library/Frameworks/OpenGL.framework/Versions/A/Libraries/libCoreVMClient.dylib
0x00000000239e9000 	/System/Library/PrivateFrameworks/CrashReporterSupport.framework/Versions/A/CrashReporterSupport
0x00000000239e9000 	/System/Library/PrivateFrameworks/Sharing.framework/Versions/A/Sharing
0x00000000239e9000 	/System/Library/PrivateFrameworks/IconServices.framework/Versions/A/IconServices
0x00000000239e9000 	/System/Library/PrivateFrameworks/ProtocolBuffer.framework/Versions/A/ProtocolBuffer
0x00000000239e9000 	/System/Library/PrivateFrameworks/Apple80211.framework/Versions/A/Apple80211
0x00000000239e9000 	/System/Library/Frameworks/CoreWLAN.framework/Versions/A/CoreWLAN
0x00000000239e9000 	/System/Library/PrivateFrameworks/CoreUtils.framework/Versions/A/CoreUtils
0x00000000239e9000 	/System/Library/Frameworks/IOBluetooth.framework/Versions/A/IOBluetooth
0x00000000239e9000 	/System/Library/PrivateFrameworks/CoreWiFi.framework/Versions/A/CoreWiFi
0x00000000239e9000 	/System/Library/Frameworks/CoreBluetooth.framework/Versions/A/CoreBluetooth
0x00000000239e9000 	/System/Library/Frameworks/CoreDisplay.framework/Versions/A/CoreDisplay
0x00000000239e9000 	/System/Library/PrivateFrameworks/IOPresentment.framework/Versions/A/IOPresentment
0x00000000239e9000 	/System/Library/PrivateFrameworks/DSExternalDisplay.framework/Versions/A/DSExternalDisplay
0x00000000239e9000 	/System/Library/PrivateFrameworks/DebugSymbols.framework/Versions/A/DebugSymbols
0x00000000239e9000 	/System/Library/PrivateFrameworks/CoreSymbolication.framework/Versions/A/CoreSymbolication
0x00000000239e9000 	/System/Library/PrivateFrameworks/Symbolication.framework/Versions/A/Symbolication
0x00000000239e9000 	/System/Library/PrivateFrameworks/AppleFSCompression.framework/Versions/A/AppleFSCompression
0x00000000239e9000 	/System/Library/PrivateFrameworks/SpeechRecognitionCore.framework/Versions/A/SpeechRecognitionCore
0x00000000239e9000 	/System/Library/PrivateFrameworks/ChunkingLibrary.framework/Versions/A/ChunkingLibrary
0x0000000108600000 	/Applications/Android Studio.app/Contents/jre/jdk/Contents/Home/jre/lib/server/libjvm.dylib
0x00000000239e9000 	/usr/lib/libstdc++.6.dylib
0x0000000107d49000 	/Applications/Android Studio.app/Contents/jre/jdk/Contents/Home/jre/lib/libverify.dylib
0x0000000107d55000 	/Applications/Android Studio.app/Contents/jre/jdk/Contents/Home/jre/lib/libjava.dylib
0x0000000107d93000 	/Applications/Android Studio.app/Contents/jre/jdk/Contents/Home/jre/lib/libzip.dylib
0x000000010ecb0000 	/Applications/Android Studio.app/Contents/jre/jdk/Contents/Home/jre/lib/libnet.dylib
0x000000010ed0f000 	/Applications/Android Studio.app/Contents/jre/jdk/Contents/Home/jre/lib/libnio.dylib
0x000000010ed1f000 	/Users/heesoopark/.gradle/native/25/osx-amd64/libnative-platform.dylib
0x000000010f0a8000 	/Applications/Android Studio.app/Contents/jre/jdk/Contents/Home/jre/lib/libmanagement.dylib

VM Arguments:
jvm_args: -Xmx1536m -Dfile.encoding=UTF-8 -Duser.country=CA -Duser.language=en -Duser.variant 
java_command: org.gradle.launcher.daemon.bootstrap.GradleDaemon 4.1
java_class_path (initial): /Users/heesoopark/.gradle/wrapper/dists/gradle-4.1-all/bzyivzo6n839fup2jbap0tjew/gradle-4.1/lib/gradle-launcher-4.1.jar
Launcher Type: SUN_STANDARD

Environment Variables:
PATH=/usr/bin:/bin:/usr/sbin:/sbin
SHELL=/bin/bash

Signal Handlers:
SIGSEGV: [libjvm.dylib+0x53e133], sa_mask[0]=11111111011111110111111111111111, sa_flags=SA_ONSTACK|SA_RESTART|SA_SIGINFO
SIGBUS: [libjvm.dylib+0x53e133], sa_mask[0]=11111111011111110111111111111111, sa_flags=SA_RESTART|SA_SIGINFO
SIGFPE: [libjvm.dylib+0x4369af], sa_mask[0]=11111111011111110111111111111111, sa_flags=SA_RESTART|SA_SIGINFO
SIGPIPE: [libjvm.dylib+0x4369af], sa_mask[0]=11111111011111110111111111111111, sa_flags=SA_RESTART|SA_SIGINFO
SIGXFSZ: [libjvm.dylib+0x4369af], sa_mask[0]=11111111011111110111111111111111, sa_flags=SA_RESTART|SA_SIGINFO
SIGILL: [libjvm.dylib+0x4369af], sa_mask[0]=11111111011111110111111111111111, sa_flags=SA_RESTART|SA_SIGINFO
SIGUSR1: SIG_DFL, sa_mask[0]=00000000000000000000000000000000, sa_flags=none
SIGUSR2: [libjvm.dylib+0x4372d4], sa_mask[0]=00100000000000000000000000000000, sa_flags=SA_RESTART|SA_SIGINFO
SIGHUP: [libjvm.dylib+0x4354c9], sa_mask[0]=11111111011111110111111111111111, sa_flags=SA_RESTART|SA_SIGINFO
SIGINT: [libjvm.dylib+0x4354c9], sa_mask[0]=11111111011111110111111111111111, sa_flags=SA_RESTART|SA_SIGINFO
SIGTERM: [libjvm.dylib+0x4354c9], sa_mask[0]=11111111011111110111111111111111, sa_flags=SA_RESTART|SA_SIGINFO
SIGQUIT: [libjvm.dylib+0x4354c9], sa_mask[0]=11111111011111110111111111111111, sa_flags=SA_RESTART|SA_SIGINFO


---------------  S Y S T E M  ---------------

OS:Bsduname:Darwin 16.7.0 Darwin Kernel Version 16.7.0: Thu Jan 11 22:59:40 PST 2018; root:xnu-3789.73.8~1/RELEASE_X86_64 x86_64
rlimit: STACK 8192k, CORE 0k, NPROC 709, NOFILE 10240, AS infinity
load average:4.54 3.61 3.11

CPU:total 4 (initial active 4) (2 cores per cpu, 2 threads per core) family 6 model 58 stepping 9, cmov, cx8, fxsr, mmx, sse, sse2, sse3, ssse3, sse4.1, sse4.2, popcnt, avx, aes, clmul, erms, ht, tsc, tscinvbit, tscinv

Memory: 4k page, physical 8388608k(540308k free)

/proc/meminfo:


vm_info: OpenJDK 64-Bit Server VM (25.152-b08) for bsd-amd64 JRE (1.8.0_152-release-915-b08), built by "builder" with gcc 4.2.1 Compatible Apple LLVM 8.1.0 (clang-802.0.42)

time: Tue Mar 13 11:06:21 2018
elapsed time: 4 seconds (0d 0h 0m 4s)

