#
# A fatal error has been detected by the Java Runtime Environment:
#
#  SIGSEGV (0xb) at pc=0x0000000108675117, pid=42358, tid=0x0000000000002503
#
# JRE version: OpenJDK Runtime Environment (8.0_152-b08) (build 1.8.0_152-release-915-b08)
# Java VM: OpenJDK 64-Bit Server VM (25.152-b08 mixed mode bsd-amd64 compressed oops)
# Problematic frame:
# V  [libjvm.dylib+0x475117]  oopDesc* PSPromotionManager::copy_to_survivor_space<false>(oopDesc*)+0x87
#
# Failed to write core dump. Core dumps have been disabled. To enable core dumping, try "ulimit -c unlimited" before starting Java again
#
# If you would like to submit a bug report, please visit:
#   http://bugreport.java.com/bugreport/crash.jsp
#

---------------  T H R E A D  ---------------

Current thread (0x00007fbdeb800800):  GCTaskThread [stack: 0x0000700001bee000,0x0000700001cee000] [id=9475]

siginfo: si_signo: 11 (SIGSEGV), si_code: 1 (SEGV_MAPERR), si_addr: 0x0000000000000008

Registers:
RAX=0x00000001089f1d01, RBX=0x00000007bbb8b13d, RCX=0x0000000000000003, RDX=0x00000001089e0d60
RSP=0x0000700001cedc00, RBP=0x0000700001cedc70, RSI=0x00000007b7a522a8, RDI=0x0000000000000000
R8 =0x0000000000000000, R9 =0x0000000000000000, R10=0x00000001089cdc92, R11=0x0000000004118ea0
R12=0x00000001089f1d5b, R13=0x0000000000000000, R14=0x00007fbdeb80b200, R15=0x00000007b7a522a8
RIP=0x0000000108675117, EFLAGS=0x0000000000010246, ERR=0x0000000000000004
  TRAPNO=0x000000000000000e

Top of Stack: (sp=0x0000700001cedc00)
0x0000700001cedc00:   00000007bbb89338 0000000000001000
0x0000700001cedc10:   000000076641ed28 0000000000000400
0x0000700001cedc20:   00000007b78d7632 00007fbdeb80b228
0x0000700001cedc30:   0000000000000029 00007fbdeb80b200
0x0000700001cedc40:   0000000000000004 00000007bbb8b13d
0x0000700001cedc50:   00000001089f1d5b 00007fbdeb80b200
0x0000700001cedc60:   00000007bbb8b13c 00000001089e0d50
0x0000700001cedc70:   0000700001cedca0 0000000108672bce
0x0000700001cedc80:   00000007bbb8b13d 00000001089f65e0
0x0000700001cedc90:   00007fbdeb80b260 00007fbdeb80b298
0x0000700001cedca0:   0000700001cedcf0 0000000108672a5e
0x0000700001cedcb0:   00000007c0001868 00000007bbb8b13d
0x0000700001cedcc0:   00000007662fa590 00000007662fbc00
0x0000700001cedcd0:   00000001090577de 0000000109057801
0x0000700001cedce0:   00000007662fbce8 0000000000000240
0x0000700001cedcf0:   0000700001cedd90 000000010834151f
0x0000700001cedd00:   0000000766300000 0000000109057781
0x0000700001cedd10:   0000000109057600 0000000000000200
0x0000700001cedd20:   0000000109057800 000000010905784f
0x0000700001cedd30:   000000010905784e 0000000766309ce8
0x0000700001cedd40:   0000000000000180 00007fbdeb80b200
0x0000700001cedd50:   00000007662fa200 00007fbde9d08340
0x0000700001cedd60:   00007fbde9d085c0 00007fbde9e07320
0x0000700001cedd70:   00007fbde9e07320 00000001087a31f4
0x0000700001cedd80:   00007fbdeb80b200 0000000000000001
0x0000700001cedd90:   0000700001ceddc0 000000010867607f
0x0000700001cedda0:   00007fbd00000004 00007fbdf462d6a0
0x0000700001ceddb0:   00007fbdeb800800 0000000000000000
0x0000700001ceddc0:   0000700001cedea0 00000001084539a8
0x0000700001ceddd0:   00000001089f1e60 00007fbdeb800800
0x0000700001cedde0:   00007fbde9e02490 00007fbde9e03a60
0x0000700001ceddf0:   00007fbde9e03a70 00007fbde9e03b48 

Instructions: (pc=0x0000000108675117)
0x00000001086750f7:   8a 00 84 c0 74 16 48 8d 15 5c bc 36 00 8a 4a 08
0x0000000108675107:   41 8b 7f 08 48 d3 e7 48 03 3a eb 04 49 8b 7f 08
0x0000000108675117:   44 8b 67 08 45 85 e4 7e 0c 41 f6 c4 01 75 08 41
0x0000000108675127:   c1 fc 03 eb 54 78 11 48 8b 07 4c 89 fe ff 90 e8 

Register to memory mapping:

RAX=0x00000001089f1d01: _ZN13CellTypeState3refE+0x1 in /Applications/Android Studio.app/Contents/jre/jdk/Contents/Home/jre/lib/server/libjvm.dylib at 0x0000000108200000
RBX=0x00000007bbb8b13d is an unknown value
RCX=0x0000000000000003 is an unknown value
RDX=0x00000001089e0d60: _ZN8Universe13_narrow_klassE+0 in /Applications/Android Studio.app/Contents/jre/jdk/Contents/Home/jre/lib/server/libjvm.dylib at 0x0000000108200000
RSP=0x0000700001cedc00 is an unknown value
RBP=0x0000700001cedc70 is an unknown value
RSI=0x00000007b7a522a8 is an unknown value
RDI=0x0000000000000000 is an unknown value
R8 =0x0000000000000000 is an unknown value
R9 =0x0000000000000000 is an unknown value
R10=0x00000001089cdc92: UseBiasedLocking+0 in /Applications/Android Studio.app/Contents/jre/jdk/Contents/Home/jre/lib/server/libjvm.dylib at 0x0000000108200000
R11=0x0000000004118ea0 is an unknown value
R12=0x00000001089f1d5b: AssumeMP+0 in /Applications/Android Studio.app/Contents/jre/jdk/Contents/Home/jre/lib/server/libjvm.dylib at 0x0000000108200000
R13=0x0000000000000000 is an unknown value
R14=0x00007fbdeb80b200 is an unknown value
R15=0x00000007b7a522a8 is an unknown value


Stack: [0x0000700001bee000,0x0000700001cee000],  sp=0x0000700001cedc00,  free space=1023k
Native frames: (J=compiled Java code, j=interpreted, Vv=VM code, C=native code)
V  [libjvm.dylib+0x475117]  oopDesc* PSPromotionManager::copy_to_survivor_space<false>(oopDesc*)+0x87
V  [libjvm.dylib+0x472bce]  PSPromotionManager::process_popped_location_depth(StarTask)+0x106
V  [libjvm.dylib+0x472a5e]  PSPromotionManager::drain_stacks_depth(bool)+0x1ec
V  [libjvm.dylib+0x14151f]  CardTableExtension::scavenge_contents_parallel(ObjectStartArray*, MutableSpace*, HeapWord*, PSPromotionManager*, unsigned int, unsigned int)+0x617
V  [libjvm.dylib+0x47607f]  OldToYoungRootsTask::do_it(GCTaskManager*, unsigned int)+0x4f
V  [libjvm.dylib+0x2539a8]  GCTaskThread::run()+0x130
V  [libjvm.dylib+0x4345d9]  java_start(Thread*)+0xfa
C  [libsystem_pthread.dylib+0x393b]  _pthread_body+0xb4
C  [libsystem_pthread.dylib+0x3887]  _pthread_body+0x0
C  [libsystem_pthread.dylib+0x308d]  thread_start+0xd


---------------  P R O C E S S  ---------------

Java Threads: ( => current thread )
  0x00007fbdf4489800 JavaThread "ForkJoinPool.commonPool-worker-0" daemon [_thread_blocked, id=31327, stack(0x0000700004260000,0x0000700004360000)]
  0x00007fbdebe3b800 JavaThread "ForkJoinPool.commonPool-worker-1" daemon [_thread_blocked, id=21075, stack(0x000070000415d000,0x000070000425d000)]
  0x00007fbdf4785800 JavaThread "ForkJoinPool.commonPool-worker-3" daemon [_thread_blocked, id=37943, stack(0x000070000405a000,0x000070000415a000)]
  0x00007fbdf404f800 JavaThread "ForkJoinPool.commonPool-worker-2" daemon [_thread_blocked, id=27459, stack(0x0000700003f57000,0x0000700004057000)]
  0x00007fbdf1376000 JavaThread "Cache worker for Java compile cache (/Users/heesoopark/Desktop/final/TaskTaskeriffy/.gradle/4.1/javaCompile)" [_thread_blocked, id=38443, stack(0x0000700003e54000,0x0000700003f54000)]
  0x00007fbdea2cb800 JavaThread "Task worker for ':' Thread 3" [_thread_blocked, id=35875, stack(0x0000700003d51000,0x0000700003e51000)]
  0x00007fbdf31a8800 JavaThread "Task worker for ':' Thread 2" [_thread_blocked, id=38199, stack(0x0000700003c4e000,0x0000700003d4e000)]
  0x00007fbdf31f7800 JavaThread "Task worker for ':'" [_thread_blocked, id=36151, stack(0x0000700003b4b000,0x0000700003c4b000)]
  0x00007fbdebe70800 JavaThread "Cache worker for task history cache (/Users/heesoopark/Desktop/final/TaskTaskeriffy/.gradle/4.1/taskHistory)" [_thread_blocked, id=37687, stack(0x0000700003a48000,0x0000700003b48000)]
  0x00007fbdea3c2800 JavaThread "Cache worker for file content cache (/Users/heesoopark/Desktop/final/TaskTaskeriffy/.gradle/4.1/fileContent)" [_thread_blocked, id=35387, stack(0x0000700003945000,0x0000700003a45000)]
  0x00007fbdeb1fb000 JavaThread "build operations Thread 4" [_thread_blocked, id=26191, stack(0x000070000373f000,0x000070000383f000)]
  0x00007fbdeefd5800 JavaThread "build operations Thread 3" [_thread_blocked, id=31551, stack(0x000070000363c000,0x000070000373c000)]
  0x00007fbdf054c000 JavaThread "build operations Thread 2" [_thread_blocked, id=28495, stack(0x0000700003539000,0x0000700003639000)]
  0x00007fbdef443000 JavaThread "build operations" [_thread_blocked, id=33579, stack(0x0000700003436000,0x0000700003536000)]
  0x00007fbdeb283800 JavaThread "Cache worker for Artifact transforms cache (/Users/heesoopark/.gradle/caches/transforms-1)" [_thread_blocked, id=33063, stack(0x0000700003333000,0x0000700003433000)]
  0x00007fbdf3351800 JavaThread "Cache worker for file hash cache (/Users/heesoopark/Desktop/final/TaskTaskeriffy/.gradle/4.1/fileHashes)" [_thread_blocked, id=27715, stack(0x000070000302a000,0x000070000312a000)]
  0x00007fbdeab50000 JavaThread "Stdin handler" [_thread_blocked, id=34871, stack(0x0000700002f27000,0x0000700003027000)]
  0x00007fbdead3b000 JavaThread "Asynchronous log dispatcher for DefaultDaemonConnection: socket connection from /127.0.0.1:50365 to /127.0.0.1:50863" [_thread_blocked, id=4699, stack(0x0000700002e24000,0x0000700002f24000)]
  0x00007fbdf3350800 JavaThread "Cancel handler" [_thread_blocked, id=29507, stack(0x0000700002c1e000,0x0000700002d1e000)]
  0x00007fbdf3350000 JavaThread "Handler for socket connection from /127.0.0.1:50365 to /127.0.0.1:50863" [_thread_in_native, id=33319, stack(0x0000700002b1b000,0x0000700002c1b000)]
  0x00007fbdf0528000 JavaThread "Daemon worker Thread 11" [_thread_blocked, id=34091, stack(0x0000700002d21000,0x0000700002e21000)]
  0x00007fbdf03f6800 JavaThread "Daemon Thread 11" [_thread_blocked, id=20523, stack(0x0000700001962000,0x0000700001a62000)]
  0x00007fbdf0424000 JavaThread "Java2D Disposer" daemon [_thread_blocked, id=41987, stack(0x00007000052be000,0x00007000053be000)]
  0x00007fbdef8f5800 JavaThread "AWT-AppKit" daemon [_thread_in_native, id=775, stack(0x00007fff57b10000,0x00007fff58310000)]
  0x00007fbdf0189800 JavaThread "Memory manager" [_thread_blocked, id=26883, stack(0x0000700003842000,0x0000700003942000)]
  0x00007fbdebce7000 JavaThread "File lock request listener" [_thread_in_native, id=24067, stack(0x0000700003230000,0x0000700003330000)]
  0x00007fbdebce6800 JavaThread "Cache worker for file hash cache (/Users/heesoopark/.gradle/caches/4.1/fileHashes)" [_thread_blocked, id=23555, stack(0x000070000312d000,0x000070000322d000)]
  0x00007fbdeb5e9800 JavaThread "Daemon periodic checks" [_thread_blocked, id=19971, stack(0x0000700002a18000,0x0000700002b18000)]
  0x00007fbdeb5c0000 JavaThread "Incoming local TCP Connector on port 50365" [_thread_in_native, id=19459, stack(0x0000700002915000,0x0000700002a15000)]
  0x00007fbdea81b000 JavaThread "Service Thread" daemon [_thread_blocked, id=18435, stack(0x000070000270f000,0x000070000280f000)]
  0x00007fbdeb04e800 JavaThread "C1 CompilerThread2" daemon [_thread_blocked, id=17923, stack(0x000070000260c000,0x000070000270c000)]
  0x00007fbdeb04d800 JavaThread "C2 CompilerThread1" daemon [_thread_blocked, id=17411, stack(0x0000700002509000,0x0000700002609000)]
  0x00007fbdeb030000 JavaThread "C2 CompilerThread0" daemon [_thread_in_native, id=16899, stack(0x0000700002406000,0x0000700002506000)]
  0x00007fbdeb826000 JavaThread "Signal Dispatcher" daemon [_thread_blocked, id=16387, stack(0x0000700002303000,0x0000700002403000)]
  0x00007fbdeb810800 JavaThread "Finalizer" daemon [_thread_blocked, id=12547, stack(0x0000700002200000,0x0000700002300000)]
  0x00007fbdeb004000 JavaThread "Reference Handler" daemon [_thread_blocked, id=12035, stack(0x00007000020fd000,0x00007000021fd000)]
  0x00007fbdeb006800 JavaThread "main" [_thread_blocked, id=7171, stack(0x0000700001aeb000,0x0000700001beb000)]

Other Threads:
  0x00007fbdeb80c000 VMThread [stack: 0x0000700001ffa000,0x00007000020fa000] [id=11523]
  0x00007fbdea81c000 WatcherThread [stack: 0x0000700002812000,0x0000700002912000] [id=18947]

=>0x00007fbdeb800800 (exited) GCTaskThread [stack: 0x0000700001bee000,0x0000700001cee000] [id=9475]

VM state:at safepoint (normal execution)

VM Mutex/Monitor currently owned by a thread:  ([mutex/lock_event])
[0x00007fbde9c02880] Threads_lock - owner thread: 0x00007fbdeb80c000
[0x00007fbde9c02d80] Heap_lock - owner thread: 0x00007fbdf4785800

Heap:
 PSYoungGen      total 438784K, used 406225K [0x00000007a0000000, 0x00000007c0000000, 0x00000007c0000000)
  eden space 356864K, 100% used [0x00000007a0000000,0x00000007b5c80000,0x00000007b5c80000)
  from space 81920K, 60% used [0x00000007b5c80000,0x00000007b8cb44c8,0x00000007bac80000)
  to   space 82432K, 28% used [0x00000007baf80000,0x00000007bc698ff0,0x00000007c0000000)
 ParOldGen       total 219136K, used 102687K [0x0000000760000000, 0x000000076d600000, 0x00000007a0000000)
  object space 219136K, 46% used [0x0000000760000000,0x0000000766447d78,0x000000076d600000)
 Metaspace       used 108734K, capacity 119584K, committed 119768K, reserved 1153024K
  class space    used 13749K, capacity 16089K, committed 16128K, reserved 1048576K

Card table byte_map: [0x0000000109026000,0x0000000109327000] byte_map_base: 0x0000000105526000

Marking Bits: (ParMarkBitMap*) 0x00000001089f7128
 Begin Bits: [0x0000000109527000, 0x000000010ad27000)
 End Bits:   [0x000000010ad27000, 0x000000010c527000)

Polling page: 0x00000001079a8000

CodeCache: size=245760Kb used=76069Kb max_used=76082Kb free=169690Kb
 bounds [0x0000000113f20000, 0x0000000118a00000, 0x0000000122f20000]
 total_blobs=23744 nmethods=22786 adapters=869
 compilation: enabled

Compilation events (10 events):
Event: 3726.261 Thread 0x00007fbdeb04e800 30919   !   2       sun.nio.fs.UnixFileSystemProvider::createDirectory (58 bytes)
Event: 3726.262 Thread 0x00007fbdeb04e800 nmethod 30919 0x0000000117aba810 code [0x0000000117abaa60, 0x0000000117abb208]
Event: 3726.262 Thread 0x00007fbdeb04e800 30920   !   2       sun.nio.fs.UnixNativeDispatcher::mkdir (28 bytes)
Event: 3726.263 Thread 0x00007fbdeb04e800 nmethod 30920 0x000000011677a390 code [0x000000011677a520, 0x000000011677a718]
Event: 3726.333 Thread 0x00007fbdeb04d800 nmethod 30718 0x00000001189a01d0 code [0x00000001189a0440, 0x00000001189a1190]
Event: 3726.333 Thread 0x00007fbdeb04d800 30886       4       com.android.dx.dex.file.MixedItemSection::prepare0 (57 bytes)
Event: 3726.344 Thread 0x00007fbdeb04d800 nmethod 30886 0x00000001173f7d10 code [0x00000001173f7e80, 0x00000001173f8078]
Event: 3726.344 Thread 0x00007fbdeb04d800 30909       4       com.android.dx.rop.code.RegisterSpecSet::findMatchingLocal (49 bytes)
Event: 3726.360 Thread 0x00007fbdeb04d800 nmethod 30909 0x00000001189d1590 code [0x00000001189d1700, 0x00000001189d1c58]
Event: 3726.360 Thread 0x00007fbdeb04d800 30922       4       com.android.dx.ssa.SsaMethod::mapRegisters (87 bytes)

GC Heap History (10 events):
Event: 3684.136 GC heap after
Heap after GC invocations=47 (full 4):
 PSYoungGen      total 429568K, used 19824K [0x00000007a0000000, 0x00000007bfb80000, 0x00000007c0000000)
  eden space 337408K, 0% used [0x00000007a0000000,0x00000007a0000000,0x00000007b4980000)
  from space 92160K, 21% used [0x00000007b4980000,0x00000007b5cdc378,0x00000007ba380000)
  to   space 89088K, 0% used [0x00000007ba480000,0x00000007ba480000,0x00000007bfb80000)
 ParOldGen       total 219136K, used 100388K [0x0000000760000000, 0x000000076d600000, 0x00000007a0000000)
  object space 219136K, 45% used [0x0000000760000000,0x0000000766209350,0x000000076d600000)
 Metaspace       used 108334K, capacity 118944K, committed 119128K, reserved 1153024K
  class space    used 13700K, capacity 15983K, committed 16000K, reserved 1048576K
}
Event: 3715.492 GC heap before
{Heap before GC invocations=48 (full 4):
 PSYoungGen      total 429568K, used 357232K [0x00000007a0000000, 0x00000007bfb80000, 0x00000007c0000000)
  eden space 337408K, 100% used [0x00000007a0000000,0x00000007b4980000,0x00000007b4980000)
  from space 92160K, 21% used [0x00000007b4980000,0x00000007b5cdc378,0x00000007ba380000)
  to   space 89088K, 0% used [0x00000007ba480000,0x00000007ba480000,0x00000007bfb80000)
 ParOldGen       total 219136K, used 100388K [0x0000000760000000, 0x000000076d600000, 0x00000007a0000000)
  object space 219136K, 45% used [0x0000000760000000,0x0000000766209350,0x000000076d600000)
 Metaspace       used 108702K, capacity 119578K, committed 119768K, reserved 1153024K
  class space    used 13748K, capacity 16088K, committed 16128K, reserved 1048576K
Event: 3715.624 GC heap after
Heap after GC invocations=48 (full 4):
 PSYoungGen      total 425472K, used 36705K [0x00000007a0000000, 0x00000007bf500000, 0x00000007c0000000)
  eden space 343040K, 0% used [0x00000007a0000000,0x00000007a0000000,0x00000007b4f00000)
  from space 82432K, 44% used [0x00000007ba480000,0x00000007bc8584c8,0x00000007bf500000)
  to   space 84992K, 0% used [0x00000007b4f00000,0x00000007b4f00000,0x00000007ba200000)
 ParOldGen       total 219136K, used 100388K [0x0000000760000000, 0x000000076d600000, 0x00000007a0000000)
  object space 219136K, 45% used [0x0000000760000000,0x0000000766209350,0x000000076d600000)
 Metaspace       used 108702K, capacity 119578K, committed 119768K, reserved 1153024K
  class space    used 13748K, capacity 16088K, committed 16128K, reserved 1048576K
}
Event: 3718.217 GC heap before
{Heap before GC invocations=49 (full 4):
 PSYoungGen      total 425472K, used 379745K [0x00000007a0000000, 0x00000007bf500000, 0x00000007c0000000)
  eden space 343040K, 100% used [0x00000007a0000000,0x00000007b4f00000,0x00000007b4f00000)
  from space 82432K, 44% used [0x00000007ba480000,0x00000007bc8584c8,0x00000007bf500000)
  to   space 84992K, 0% used [0x00000007b4f00000,0x00000007b4f00000,0x00000007ba200000)
 ParOldGen       total 219136K, used 100388K [0x0000000760000000, 0x000000076d600000, 0x00000007a0000000)
  object space 219136K, 45% used [0x0000000760000000,0x0000000766209350,0x000000076d600000)
 Metaspace       used 108716K, capacity 119578K, committed 119768K, reserved 1153024K
  class space    used 13748K, capacity 16088K, committed 16128K, reserved 1048576K
Event: 3718.355 GC heap after
Heap after GC invocations=49 (full 4):
 PSYoungGen      total 428032K, used 40673K [0x00000007a0000000, 0x00000007bfd80000, 0x00000007c0000000)
  eden space 343040K, 0% used [0x00000007a0000000,0x00000007a0000000,0x00000007b4f00000)
  from space 84992K, 47% used [0x00000007b4f00000,0x00000007b76b84c8,0x00000007ba200000)
  to   space 82432K, 0% used [0x00000007bad00000,0x00000007bad00000,0x00000007bfd80000)
 ParOldGen       total 219136K, used 100388K [0x0000000760000000, 0x000000076d600000, 0x00000007a0000000)
  object space 219136K, 45% used [0x0000000760000000,0x0000000766209350,0x000000076d600000)
 Metaspace       used 108716K, capacity 119578K, committed 119768K, reserved 1153024K
  class space    used 13748K, capacity 16088K, committed 16128K, reserved 1048576K
}
Event: 3720.789 GC heap before
{Heap before GC invocations=50 (full 4):
 PSYoungGen      total 428032K, used 383713K [0x00000007a0000000, 0x00000007bfd80000, 0x00000007c0000000)
  eden space 343040K, 100% used [0x00000007a0000000,0x00000007b4f00000,0x00000007b4f00000)
  from space 84992K, 47% used [0x00000007b4f00000,0x00000007b76b84c8,0x00000007ba200000)
  to   space 82432K, 0% used [0x00000007bad00000,0x00000007bad00000,0x00000007bfd80000)
 ParOldGen       total 219136K, used 100388K [0x0000000760000000, 0x000000076d600000, 0x00000007a0000000)
  object space 219136K, 45% used [0x0000000760000000,0x0000000766209350,0x000000076d600000)
 Metaspace       used 108726K, capacity 119578K, committed 119768K, reserved 1153024K
  class space    used 13748K, capacity 16088K, committed 16128K, reserved 1048576K
Event: 3720.928 GC heap after
Heap after GC invocations=50 (full 4):
 PSYoungGen      total 438272K, used 44689K [0x00000007a0000000, 0x00000007bfc80000, 0x00000007c0000000)
  eden space 356864K, 0% used [0x00000007a0000000,0x00000007a0000000,0x00000007b5c80000)
  from space 81408K, 54% used [0x00000007bad00000,0x00000007bd8a44d8,0x00000007bfc80000)
  to   space 81920K, 0% used [0x00000007b5c80000,0x00000007b5c80000,0x00000007bac80000)
 ParOldGen       total 219136K, used 101156K [0x0000000760000000, 0x000000076d600000, 0x00000007a0000000)
  object space 219136K, 46% used [0x0000000760000000,0x00000007662c9380,0x000000076d600000)
 Metaspace       used 108726K, capacity 119578K, committed 119768K, reserved 1153024K
  class space    used 13748K, capacity 16088K, committed 16128K, reserved 1048576K
}
Event: 3723.486 GC heap before
{Heap before GC invocations=51 (full 4):
 PSYoungGen      total 438272K, used 401553K [0x00000007a0000000, 0x00000007bfc80000, 0x00000007c0000000)
  eden space 356864K, 100% used [0x00000007a0000000,0x00000007b5c80000,0x00000007b5c80000)
  from space 81408K, 54% used [0x00000007bad00000,0x00000007bd8a44d8,0x00000007bfc80000)
  to   space 81920K, 0% used [0x00000007b5c80000,0x00000007b5c80000,0x00000007bac80000)
 ParOldGen       total 219136K, used 101156K [0x0000000760000000, 0x000000076d600000, 0x00000007a0000000)
  object space 219136K, 46% used [0x0000000760000000,0x00000007662c9380,0x000000076d600000)
 Metaspace       used 108727K, capacity 119578K, committed 119768K, reserved 1153024K
  class space    used 13748K, capacity 16088K, committed 16128K, reserved 1048576K
Event: 3723.624 GC heap after
Heap after GC invocations=51 (full 4):
 PSYoungGen      total 438784K, used 49361K [0x00000007a0000000, 0x00000007c0000000, 0x00000007c0000000)
  eden space 356864K, 0% used [0x00000007a0000000,0x00000007a0000000,0x00000007b5c80000)
  from space 81920K, 60% used [0x00000007b5c80000,0x00000007b8cb44c8,0x00000007bac80000)
  to   space 82432K, 0% used [0x00000007baf80000,0x00000007baf80000,0x00000007c0000000)
 ParOldGen       total 219136K, used 101415K [0x0000000760000000, 0x000000076d600000, 0x00000007a0000000)
  object space 219136K, 46% used [0x0000000760000000,0x0000000766309ce8,0x000000076d600000)
 Metaspace       used 108727K, capacity 119578K, committed 119768K, reserved 1153024K
  class space    used 13748K, capacity 16088K, committed 16128K, reserved 1048576K
}
Event: 3726.383 GC heap before
{Heap before GC invocations=52 (full 4):
 PSYoungGen      total 438784K, used 406225K [0x00000007a0000000, 0x00000007c0000000, 0x00000007c0000000)
  eden space 356864K, 100% used [0x00000007a0000000,0x00000007b5c80000,0x00000007b5c80000)
  from space 81920K, 60% used [0x00000007b5c80000,0x00000007b8cb44c8,0x00000007bac80000)
  to   space 82432K, 0% used [0x00000007baf80000,0x00000007baf80000,0x00000007c0000000)
 ParOldGen       total 219136K, used 101415K [0x0000000760000000, 0x000000076d600000, 0x00000007a0000000)
  object space 219136K, 46% used [0x0000000760000000,0x0000000766309ce8,0x000000076d600000)
 Metaspace       used 108734K, capacity 119584K, committed 119768K, reserved 1153024K
  class space    used 13749K, capacity 16089K, committed 16128K, reserved 1048576K

Deoptimization events (10 events):
Event: 3716.712 Thread 0x00007fbdf4785800 Uncommon trap: reason=unstable_if action=reinterpret pc=0x00000001188828a0 method=com.android.dx.rop.code.RegisterSpecSet.intersect(Lcom/android/dx/rop/code/RegisterSpecSet;Z)V @ 51
Event: 3717.383 Thread 0x00007fbdf4785800 Uncommon trap: reason=array_check action=maybe_recompile pc=0x00000001178b2d84 method=java.util.ComparableTimSort.mergeHi(IIII)V @ 171
Event: 3717.881 Thread 0x00007fbdebe3b800 Uncommon trap: reason=array_check action=maybe_recompile pc=0x00000001178b2d84 method=java.util.ComparableTimSort.mergeHi(IIII)V @ 171
Event: 3721.125 Thread 0x00007fbdf404f800 Uncommon trap: reason=unstable_if action=reinterpret pc=0x000000011790c104 method=com.android.dx.rop.code.RegisterSpecSet.equals(Ljava/lang/Object;)Z @ 41
Event: 3721.505 Thread 0x00007fbdf4489800 Uncommon trap: reason=unstable_if action=reinterpret pc=0x000000011805d158 method=java.util.TimSort.countRunAndMakeAscending([Ljava/lang/Object;IILjava/util/Comparator;)I @ 27
Event: 3722.365 Thread 0x00007fbdf4489800 Uncommon trap: reason=unstable_if action=reinterpret pc=0x0000000118953af8 method=com.android.dx.rop.code.RegisterSpec.withReg(I)Lcom/android/dx/rop/code/RegisterSpec; @ 5
Event: 3722.508 Thread 0x00007fbdf4785800 Uncommon trap: reason=unstable_if action=reinterpret pc=0x000000011896cefc method=com.android.dx.rop.code.LocalVariableInfo.mergeStarts(ILcom/android/dx/rop/code/RegisterSpecSet;)Z @ 31
Event: 3722.563 Thread 0x00007fbdf404f800 Uncommon trap: reason=null_check action=make_not_entrant pc=0x0000000114560368 method=com.android.dx.rop.type.Type.equals(Ljava/lang/Object;)Z @ 8
Event: 3725.437 Thread 0x00007fbdf4785800 Uncommon trap: reason=unstable_if action=reinterpret pc=0x00000001183098d0 method=com.android.dx.rop.type.Prototype.compareTo(Lcom/android/dx/rop/type/Prototype;)I @ 113
Event: 3725.612 Thread 0x00007fbdf4785800 Uncommon trap: reason=unstable_if action=reinterpret pc=0x0000000117c51eb0 method=com.android.dx.ssa.back.FirstFitLocalCombiningAllocator.spansParamRange(II)Z @ 5

Classes redefined (0 events):
No events

Internal exceptions (10 events):
Event: 3726.331 Thread 0x00007fbdf404f800 Exception <a 'sun/nio/fs/UnixException'> (0x00000007b535cb00) thrown at [/Volumes/android/AOSP-openjdk-git/jdk8u/hotspot/src/share/vm/prims/jni.cpp, line 709]
Event: 3726.334 Thread 0x00007fbdf404f800 Exception <a 'sun/nio/fs/UnixException'> (0x00000007b53731c0) thrown at [/Volumes/android/AOSP-openjdk-git/jdk8u/hotspot/src/share/vm/prims/jni.cpp, line 709]
Event: 3726.338 Thread 0x00007fbdf404f800 Exception <a 'sun/nio/fs/UnixException'> (0x00000007b538d4b0) thrown at [/Volumes/android/AOSP-openjdk-git/jdk8u/hotspot/src/share/vm/prims/jni.cpp, line 709]
Event: 3726.341 Thread 0x00007fbdf404f800 Exception <a 'sun/nio/fs/UnixException'> (0x00000007b539faa8) thrown at [/Volumes/android/AOSP-openjdk-git/jdk8u/hotspot/src/share/vm/prims/jni.cpp, line 709]
Event: 3726.343 Thread 0x00007fbdf404f800 Exception <a 'sun/nio/fs/UnixException'> (0x00000007b53bdbd8) thrown at [/Volumes/android/AOSP-openjdk-git/jdk8u/hotspot/src/share/vm/prims/jni.cpp, line 709]
Event: 3726.345 Thread 0x00007fbdf404f800 Exception <a 'sun/nio/fs/UnixException'> (0x00000007b53d16d8) thrown at [/Volumes/android/AOSP-openjdk-git/jdk8u/hotspot/src/share/vm/prims/jni.cpp, line 709]
Event: 3726.348 Thread 0x00007fbdf404f800 Exception <a 'sun/nio/fs/UnixException'> (0x00000007b53f55c8) thrown at [/Volumes/android/AOSP-openjdk-git/jdk8u/hotspot/src/share/vm/prims/jni.cpp, line 709]
Event: 3726.361 Thread 0x00007fbdf404f800 Exception <a 'sun/nio/fs/UnixException'> (0x00000007b5a65370) thrown at [/Volumes/android/AOSP-openjdk-git/jdk8u/hotspot/src/share/vm/prims/jni.cpp, line 709]
Event: 3726.365 Thread 0x00007fbdf404f800 Exception <a 'sun/nio/fs/UnixException'> (0x00000007b5a8b808) thrown at [/Volumes/android/AOSP-openjdk-git/jdk8u/hotspot/src/share/vm/prims/jni.cpp, line 709]
Event: 3726.380 Thread 0x00007fbdf404f800 Exception <a 'sun/nio/fs/UnixException'> (0x00000007b5af17b8) thrown at [/Volumes/android/AOSP-openjdk-git/jdk8u/hotspot/src/share/vm/prims/jni.cpp, line 709]

Events (10 events):
Event: 3726.342 Thread 0x00007fbdf4785800 DEOPT UNPACKING pc=0x0000000113f67373 sp=0x0000700004158cb8 mode 0
Event: 3726.350 Thread 0x00007fbdf4785800 DEOPT PACKING pc=0x0000000117f11960 sp=0x0000700004158e30
Event: 3726.350 Thread 0x00007fbdf4785800 DEOPT UNPACKING pc=0x0000000113f67373 sp=0x0000700004158c98 mode 0
Event: 3726.360 Thread 0x00007fbdebe3b800 DEOPT PACKING pc=0x0000000117f0e881 sp=0x000070000425bf20
Event: 3726.360 Thread 0x00007fbdebe3b800 DEOPT UNPACKING pc=0x0000000113f67373 sp=0x000070000425bcb8 mode 0
Event: 3726.362 Thread 0x00007fbdebe3b800 DEOPT PACKING pc=0x0000000117eea4a1 sp=0x000070000425bd10
Event: 3726.362 Thread 0x00007fbdebe3b800 DEOPT UNPACKING pc=0x0000000113f67373 sp=0x000070000425bb60 mode 0
Event: 3726.382 Thread 0x00007fbdf4785800 DEOPT PACKING pc=0x0000000117c36c2b sp=0x0000700004158c00
Event: 3726.382 Thread 0x00007fbdf4785800 DEOPT UNPACKING pc=0x0000000113f67373 sp=0x0000700004158968 mode 0
Event: 3726.383 Executing VM operation: ParallelGCFailedAllocation


Dynamic libraries:
0x00000000239e9000 	/System/Library/Frameworks/Cocoa.framework/Versions/A/Cocoa
0x00000000239e9000 	/System/Library/Frameworks/Security.framework/Versions/A/Security
0x00000000239e9000 	/System/Library/Frameworks/ApplicationServices.framework/Versions/A/ApplicationServices
0x00000000239e9000 	/usr/lib/libz.1.dylib
0x00000000239e9000 	/usr/lib/libSystem.B.dylib
0x00000000239e9000 	/System/Library/Frameworks/CoreFoundation.framework/Versions/A/CoreFoundation
0x00000000239e9000 	/System/Library/Frameworks/Foundation.framework/Versions/C/Foundation
0x00000000239e9000 	/usr/lib/libobjc.A.dylib
0x00000000239e9000 	/System/Library/Frameworks/AppKit.framework/Versions/C/AppKit
0x00000000239e9000 	/System/Library/Frameworks/CoreData.framework/Versions/A/CoreData
0x00000000239e9000 	/System/Library/PrivateFrameworks/RemoteViewServices.framework/Versions/A/RemoteViewServices
0x00000000239e9000 	/System/Library/PrivateFrameworks/UIFoundation.framework/Versions/A/UIFoundation
0x00000000239e9000 	/System/Library/PrivateFrameworks/DFRFoundation.framework/Versions/A/DFRFoundation
0x00000000239e9000 	/usr/lib/libenergytrace.dylib
0x00000000239e9000 	/System/Library/PrivateFrameworks/SkyLight.framework/Versions/A/SkyLight
0x00000000239e9000 	/System/Library/Frameworks/CoreGraphics.framework/Versions/A/CoreGraphics
0x00000000239e9000 	/usr/lib/libScreenReader.dylib
0x00000000239e9000 	/System/Library/Frameworks/Accelerate.framework/Versions/A/Accelerate
0x00000000239e9000 	/System/Library/Frameworks/IOSurface.framework/Versions/A/IOSurface
0x00000000239e9000 	/System/Library/Frameworks/AudioToolbox.framework/Versions/A/AudioToolbox
0x00000000239e9000 	/System/Library/Frameworks/AudioUnit.framework/Versions/A/AudioUnit
0x00000000239e9000 	/System/Library/PrivateFrameworks/DataDetectorsCore.framework/Versions/A/DataDetectorsCore
0x00000000239e9000 	/System/Library/PrivateFrameworks/DesktopServicesPriv.framework/Versions/A/DesktopServicesPriv
0x00000000239e9000 	/System/Library/Frameworks/Carbon.framework/Versions/A/Frameworks/HIToolbox.framework/Versions/A/HIToolbox
0x00000000239e9000 	/usr/lib/libicucore.A.dylib
0x00000000239e9000 	/System/Library/Frameworks/QuartzCore.framework/Versions/A/QuartzCore
0x00000000239e9000 	/System/Library/Frameworks/Carbon.framework/Versions/A/Frameworks/SpeechRecognition.framework/Versions/A/SpeechRecognition
0x00000000239e9000 	/usr/lib/libauto.dylib
0x00000000239e9000 	/usr/lib/libxml2.2.dylib
0x00000000239e9000 	/System/Library/PrivateFrameworks/CoreUI.framework/Versions/A/CoreUI
0x00000000239e9000 	/System/Library/Frameworks/CoreAudio.framework/Versions/A/CoreAudio
0x00000000239e9000 	/System/Library/Frameworks/DiskArbitration.framework/Versions/A/DiskArbitration
0x00000000239e9000 	/usr/lib/liblangid.dylib
0x00000000239e9000 	/System/Library/PrivateFrameworks/MultitouchSupport.framework/Versions/A/MultitouchSupport
0x00000000239e9000 	/System/Library/Frameworks/IOKit.framework/Versions/A/IOKit
0x00000000239e9000 	/usr/lib/libDiagnosticMessagesClient.dylib
0x00000000239e9000 	/System/Library/Frameworks/CoreServices.framework/Versions/A/CoreServices
0x00000000239e9000 	/System/Library/PrivateFrameworks/PerformanceAnalysis.framework/Versions/A/PerformanceAnalysis
0x00000000239e9000 	/System/Library/PrivateFrameworks/GenerationalStorage.framework/Versions/A/GenerationalStorage
0x00000000239e9000 	/System/Library/Frameworks/OpenGL.framework/Versions/A/OpenGL
0x00000000239e9000 	/System/Library/Frameworks/CoreImage.framework/Versions/A/CoreImage
0x00000000239e9000 	/System/Library/Frameworks/CoreText.framework/Versions/A/CoreText
0x00000000239e9000 	/System/Library/Frameworks/ImageIO.framework/Versions/A/ImageIO
0x00000000239e9000 	/System/Library/PrivateFrameworks/Backup.framework/Versions/A/Backup
0x00000000239e9000 	/usr/lib/libarchive.2.dylib
0x00000000239e9000 	/System/Library/Frameworks/CFNetwork.framework/Versions/A/CFNetwork
0x00000000239e9000 	/System/Library/Frameworks/SystemConfiguration.framework/Versions/A/SystemConfiguration
0x00000000239e9000 	/usr/lib/libCRFSuite.dylib
0x00000000239e9000 	/usr/lib/libc++.1.dylib
0x00000000239e9000 	/usr/lib/libc++abi.dylib
0x00000000239e9000 	/usr/lib/system/libcache.dylib
0x00000000239e9000 	/usr/lib/system/libcommonCrypto.dylib
0x00000000239e9000 	/usr/lib/system/libcompiler_rt.dylib
0x00000000239e9000 	/usr/lib/system/libcopyfile.dylib
0x00000000239e9000 	/usr/lib/system/libcorecrypto.dylib
0x00000000239e9000 	/usr/lib/system/libdispatch.dylib
0x00000000239e9000 	/usr/lib/system/libdyld.dylib
0x00000000239e9000 	/usr/lib/system/libkeymgr.dylib
0x00000000239e9000 	/usr/lib/system/liblaunch.dylib
0x00000000239e9000 	/usr/lib/system/libmacho.dylib
0x00000000239e9000 	/usr/lib/system/libquarantine.dylib
0x00000000239e9000 	/usr/lib/system/libremovefile.dylib
0x00000000239e9000 	/usr/lib/system/libsystem_asl.dylib
0x00000000239e9000 	/usr/lib/system/libsystem_blocks.dylib
0x00000000239e9000 	/usr/lib/system/libsystem_c.dylib
0x00000000239e9000 	/usr/lib/system/libsystem_configuration.dylib
0x00000000239e9000 	/usr/lib/system/libsystem_coreservices.dylib
0x00000000239e9000 	/usr/lib/system/libsystem_coretls.dylib
0x00000000239e9000 	/usr/lib/system/libsystem_dnssd.dylib
0x00000000239e9000 	/usr/lib/system/libsystem_info.dylib
0x00000000239e9000 	/usr/lib/system/libsystem_kernel.dylib
0x00000000239e9000 	/usr/lib/system/libsystem_m.dylib
0x00000000239e9000 	/usr/lib/system/libsystem_malloc.dylib
0x00000000239e9000 	/usr/lib/system/libsystem_network.dylib
0x00000000239e9000 	/usr/lib/system/libsystem_networkextension.dylib
0x00000000239e9000 	/usr/lib/system/libsystem_notify.dylib
0x00000000239e9000 	/usr/lib/system/libsystem_platform.dylib
0x00000000239e9000 	/usr/lib/system/libsystem_pthread.dylib
0x00000000239e9000 	/usr/lib/system/libsystem_sandbox.dylib
0x00000000239e9000 	/usr/lib/system/libsystem_secinit.dylib
0x00000000239e9000 	/usr/lib/system/libsystem_symptoms.dylib
0x00000000239e9000 	/usr/lib/system/libsystem_trace.dylib
0x00000000239e9000 	/usr/lib/system/libunwind.dylib
0x00000000239e9000 	/usr/lib/system/libxpc.dylib
0x00000000239e9000 	/usr/lib/libbsm.0.dylib
0x00000000239e9000 	/usr/lib/system/libkxld.dylib
0x00000000239e9000 	/usr/lib/libcoretls.dylib
0x00000000239e9000 	/usr/lib/libcoretls_cfhelpers.dylib
0x00000000239e9000 	/usr/lib/libOpenScriptingUtil.dylib
0x00000000239e9000 	/usr/lib/libpam.2.dylib
0x00000000239e9000 	/usr/lib/libsqlite3.dylib
0x00000000239e9000 	/usr/lib/libxar.1.dylib
0x00000000239e9000 	/usr/lib/libbz2.1.0.dylib
0x00000000239e9000 	/usr/lib/liblzma.5.dylib
0x00000000239e9000 	/usr/lib/libnetwork.dylib
0x00000000239e9000 	/usr/lib/libpcap.A.dylib
0x00000000239e9000 	/System/Library/Frameworks/CoreServices.framework/Versions/A/Frameworks/FSEvents.framework/Versions/A/FSEvents
0x00000000239e9000 	/System/Library/Frameworks/CoreServices.framework/Versions/A/Frameworks/CarbonCore.framework/Versions/A/CarbonCore
0x00000000239e9000 	/System/Library/Frameworks/CoreServices.framework/Versions/A/Frameworks/Metadata.framework/Versions/A/Metadata
0x00000000239e9000 	/System/Library/Frameworks/CoreServices.framework/Versions/A/Frameworks/OSServices.framework/Versions/A/OSServices
0x00000000239e9000 	/System/Library/Frameworks/CoreServices.framework/Versions/A/Frameworks/SearchKit.framework/Versions/A/SearchKit
0x00000000239e9000 	/System/Library/Frameworks/CoreServices.framework/Versions/A/Frameworks/AE.framework/Versions/A/AE
0x00000000239e9000 	/System/Library/Frameworks/CoreServices.framework/Versions/A/Frameworks/LaunchServices.framework/Versions/A/LaunchServices
0x00000000239e9000 	/System/Library/Frameworks/CoreServices.framework/Versions/A/Frameworks/DictionaryServices.framework/Versions/A/DictionaryServices
0x00000000239e9000 	/System/Library/Frameworks/CoreServices.framework/Versions/A/Frameworks/SharedFileList.framework/Versions/A/SharedFileList
0x00000000239e9000 	/System/Library/Frameworks/NetFS.framework/Versions/A/NetFS
0x00000000239e9000 	/System/Library/PrivateFrameworks/NetAuth.framework/Versions/A/NetAuth
0x00000000239e9000 	/System/Library/PrivateFrameworks/login.framework/Versions/A/Frameworks/loginsupport.framework/Versions/A/loginsupport
0x00000000239e9000 	/System/Library/PrivateFrameworks/TCC.framework/Versions/A/TCC
0x00000000239e9000 	/usr/lib/libmecabra.dylib
0x00000000239e9000 	/System/Library/Frameworks/ApplicationServices.framework/Versions/A/Frameworks/ATS.framework/Versions/A/ATS
0x00000000239e9000 	/System/Library/Frameworks/ApplicationServices.framework/Versions/A/Frameworks/ColorSync.framework/Versions/A/ColorSync
0x00000000239e9000 	/System/Library/Frameworks/ApplicationServices.framework/Versions/A/Frameworks/HIServices.framework/Versions/A/HIServices
0x00000000239e9000 	/System/Library/Frameworks/ApplicationServices.framework/Versions/A/Frameworks/LangAnalysis.framework/Versions/A/LangAnalysis
0x00000000239e9000 	/System/Library/Frameworks/ApplicationServices.framework/Versions/A/Frameworks/PrintCore.framework/Versions/A/PrintCore
0x00000000239e9000 	/System/Library/Frameworks/ApplicationServices.framework/Versions/A/Frameworks/QD.framework/Versions/A/QD
0x00000000239e9000 	/System/Library/Frameworks/ApplicationServices.framework/Versions/A/Frameworks/SpeechSynthesis.framework/Versions/A/SpeechSynthesis
0x00000000239e9000 	/System/Library/Frameworks/Accelerate.framework/Versions/A/Frameworks/vImage.framework/Versions/A/vImage
0x00000000239e9000 	/System/Library/Frameworks/Accelerate.framework/Versions/A/Frameworks/vecLib.framework/Versions/A/vecLib
0x00000000239e9000 	/System/Library/Frameworks/Accelerate.framework/Versions/A/Frameworks/vecLib.framework/Versions/A/libvDSP.dylib
0x00000000239e9000 	/System/Library/Frameworks/Accelerate.framework/Versions/A/Frameworks/vecLib.framework/Versions/A/libBNNS.dylib
0x00000000239e9000 	/System/Library/Frameworks/Accelerate.framework/Versions/A/Frameworks/vecLib.framework/Versions/A/libQuadrature.dylib
0x00000000239e9000 	/System/Library/Frameworks/Accelerate.framework/Versions/A/Frameworks/vecLib.framework/Versions/A/libvMisc.dylib
0x00000000239e9000 	/System/Library/Frameworks/Accelerate.framework/Versions/A/Frameworks/vecLib.framework/Versions/A/libLAPACK.dylib
0x00000000239e9000 	/System/Library/Frameworks/Accelerate.framework/Versions/A/Frameworks/vecLib.framework/Versions/A/libBLAS.dylib
0x00000000239e9000 	/System/Library/Frameworks/Accelerate.framework/Versions/A/Frameworks/vecLib.framework/Versions/A/libLinearAlgebra.dylib
0x00000000239e9000 	/System/Library/Frameworks/Accelerate.framework/Versions/A/Frameworks/vecLib.framework/Versions/A/libSparseBLAS.dylib
0x00000000239e9000 	/System/Library/Frameworks/ApplicationServices.framework/Versions/A/Frameworks/ATS.framework/Versions/A/Resources/libFontParser.dylib
0x00000000239e9000 	/System/Library/Frameworks/ApplicationServices.framework/Versions/A/Frameworks/ATS.framework/Versions/A/Resources/libFontRegistry.dylib
0x00000000239e9000 	/System/Library/Frameworks/ImageIO.framework/Versions/A/Resources/libJPEG.dylib
0x00000000239e9000 	/System/Library/Frameworks/ImageIO.framework/Versions/A/Resources/libTIFF.dylib
0x00000000239e9000 	/System/Library/Frameworks/ImageIO.framework/Versions/A/Resources/libPng.dylib
0x00000000239e9000 	/System/Library/Frameworks/ImageIO.framework/Versions/A/Resources/libGIF.dylib
0x00000000239e9000 	/System/Library/Frameworks/ImageIO.framework/Versions/A/Resources/libJP2.dylib
0x00000000239e9000 	/System/Library/Frameworks/ImageIO.framework/Versions/A/Resources/libRadiance.dylib
0x00000000239e9000 	/usr/lib/libcompression.dylib
0x00000000239e9000 	/System/Library/PrivateFrameworks/AppleJPEG.framework/Versions/A/AppleJPEG
0x00000000239e9000 	/usr/lib/libcups.2.dylib
0x00000000239e9000 	/System/Library/Frameworks/Kerberos.framework/Versions/A/Kerberos
0x00000000239e9000 	/System/Library/Frameworks/GSS.framework/Versions/A/GSS
0x00000000239e9000 	/usr/lib/libresolv.9.dylib
0x00000000239e9000 	/usr/lib/libiconv.2.dylib
0x00000000239e9000 	/System/Library/PrivateFrameworks/Heimdal.framework/Versions/A/Heimdal
0x00000000239e9000 	/usr/lib/libheimdal-asn1.dylib
0x00000000239e9000 	/System/Library/Frameworks/OpenDirectory.framework/Versions/A/OpenDirectory
0x00000000239e9000 	/System/Library/PrivateFrameworks/CommonAuth.framework/Versions/A/CommonAuth
0x00000000239e9000 	/System/Library/Frameworks/OpenDirectory.framework/Versions/A/Frameworks/CFOpenDirectory.framework/Versions/A/CFOpenDirectory
0x00000000239e9000 	/System/Library/Frameworks/SecurityFoundation.framework/Versions/A/SecurityFoundation
0x00000000239e9000 	/System/Library/PrivateFrameworks/LanguageModeling.framework/Versions/A/LanguageModeling
0x00000000239e9000 	/usr/lib/libmarisa.dylib
0x00000000239e9000 	/usr/lib/libChineseTokenizer.dylib
0x00000000239e9000 	/usr/lib/libcmph.dylib
0x00000000239e9000 	/System/Library/PrivateFrameworks/CoreEmoji.framework/Versions/A/CoreEmoji
0x00000000239e9000 	/System/Library/Frameworks/ServiceManagement.framework/Versions/A/ServiceManagement
0x00000000239e9000 	/usr/lib/libxslt.1.dylib
0x00000000239e9000 	/System/Library/Frameworks/Carbon.framework/Versions/A/Frameworks/Ink.framework/Versions/A/Ink
0x00000000239e9000 	/System/Library/PrivateFrameworks/TextureIO.framework/Versions/A/TextureIO
0x00000000239e9000 	/System/Library/Frameworks/Metal.framework/Versions/A/Metal
0x00000000239e9000 	/usr/lib/libate.dylib
0x00000000239e9000 	/System/Library/PrivateFrameworks/GPUCompiler.framework/libmetal_timestamp.dylib
0x00000000239e9000 	/System/Library/Frameworks/OpenGL.framework/Versions/A/Libraries/libCoreFSCache.dylib
0x00000000239e9000 	/System/Library/PrivateFrameworks/IOAccelerator.framework/Versions/A/IOAccelerator
0x00000000239e9000 	/System/Library/Frameworks/CoreVideo.framework/Versions/A/CoreVideo
0x00000000239e9000 	/usr/lib/libFosl_dynamic.dylib
0x00000000239e9000 	/System/Library/PrivateFrameworks/MetalPerformanceShaders.framework/Versions/A/MetalPerformanceShaders
0x00000000239e9000 	/System/Library/PrivateFrameworks/FaceCore.framework/Versions/A/FaceCore
0x00000000239e9000 	/System/Library/Frameworks/OpenCL.framework/Versions/A/OpenCL
0x00000000239e9000 	/System/Library/Frameworks/OpenGL.framework/Versions/A/Libraries/libGLU.dylib
0x00000000239e9000 	/System/Library/Frameworks/OpenGL.framework/Versions/A/Libraries/libGFXShared.dylib
0x00000000239e9000 	/System/Library/Frameworks/OpenGL.framework/Versions/A/Libraries/libGL.dylib
0x00000000239e9000 	/System/Library/Frameworks/OpenGL.framework/Versions/A/Libraries/libGLImage.dylib
0x00000000239e9000 	/System/Library/Frameworks/OpenGL.framework/Versions/A/Libraries/libCVMSPluginSupport.dylib
0x00000000239e9000 	/System/Library/Frameworks/OpenGL.framework/Versions/A/Libraries/libCoreVMClient.dylib
0x00000000239e9000 	/System/Library/PrivateFrameworks/CrashReporterSupport.framework/Versions/A/CrashReporterSupport
0x00000000239e9000 	/System/Library/PrivateFrameworks/Sharing.framework/Versions/A/Sharing
0x00000000239e9000 	/System/Library/PrivateFrameworks/IconServices.framework/Versions/A/IconServices
0x00000000239e9000 	/System/Library/PrivateFrameworks/ProtocolBuffer.framework/Versions/A/ProtocolBuffer
0x00000000239e9000 	/System/Library/PrivateFrameworks/Apple80211.framework/Versions/A/Apple80211
0x00000000239e9000 	/System/Library/Frameworks/CoreWLAN.framework/Versions/A/CoreWLAN
0x00000000239e9000 	/System/Library/PrivateFrameworks/CoreUtils.framework/Versions/A/CoreUtils
0x00000000239e9000 	/System/Library/Frameworks/IOBluetooth.framework/Versions/A/IOBluetooth
0x00000000239e9000 	/System/Library/PrivateFrameworks/CoreWiFi.framework/Versions/A/CoreWiFi
0x00000000239e9000 	/System/Library/Frameworks/CoreBluetooth.framework/Versions/A/CoreBluetooth
0x00000000239e9000 	/System/Library/Frameworks/CoreDisplay.framework/Versions/A/CoreDisplay
0x00000000239e9000 	/System/Library/PrivateFrameworks/IOPresentment.framework/Versions/A/IOPresentment
0x00000000239e9000 	/System/Library/PrivateFrameworks/DSExternalDisplay.framework/Versions/A/DSExternalDisplay
0x00000000239e9000 	/System/Library/PrivateFrameworks/DebugSymbols.framework/Versions/A/DebugSymbols
0x00000000239e9000 	/System/Library/PrivateFrameworks/CoreSymbolication.framework/Versions/A/CoreSymbolication
0x00000000239e9000 	/System/Library/PrivateFrameworks/Symbolication.framework/Versions/A/Symbolication
0x00000000239e9000 	/System/Library/PrivateFrameworks/AppleFSCompression.framework/Versions/A/AppleFSCompression
0x00000000239e9000 	/System/Library/PrivateFrameworks/SpeechRecognitionCore.framework/Versions/A/SpeechRecognitionCore
0x00000000239e9000 	/System/Library/PrivateFrameworks/ChunkingLibrary.framework/Versions/A/ChunkingLibrary
0x0000000108200000 	/Applications/Android Studio.app/Contents/jre/jdk/Contents/Home/jre/lib/server/libjvm.dylib
0x00000000239e9000 	/usr/lib/libstdc++.6.dylib
0x0000000107968000 	/Applications/Android Studio.app/Contents/jre/jdk/Contents/Home/jre/lib/libverify.dylib
0x0000000107974000 	/Applications/Android Studio.app/Contents/jre/jdk/Contents/Home/jre/lib/libjava.dylib
0x00000001079b2000 	/Applications/Android Studio.app/Contents/jre/jdk/Contents/Home/jre/lib/libzip.dylib
0x000000010e8cc000 	/Applications/Android Studio.app/Contents/jre/jdk/Contents/Home/jre/lib/libnet.dylib
0x000000010e92b000 	/Applications/Android Studio.app/Contents/jre/jdk/Contents/Home/jre/lib/libnio.dylib
0x000000010e93b000 	/Users/heesoopark/.gradle/native/25/osx-amd64/libnative-platform.dylib
0x000000010ecc4000 	/Applications/Android Studio.app/Contents/jre/jdk/Contents/Home/jre/lib/libmanagement.dylib
0x000000010f902000 	/Applications/Android Studio.app/Contents/jre/jdk/Contents/Home/jre/lib/libawt.dylib
0x0000000110ee7000 	/Applications/Android Studio.app/Contents/jre/jdk/Contents/Home/jre/lib/./libmlib_image.dylib
0x000000010e713000 	/System/Library/Frameworks/JavaVM.framework/Versions/A/Frameworks/JavaNativeFoundation.framework/Versions/A/JavaNativeFoundation
0x000000010e74b000 	/System/Library/Frameworks/JavaVM.framework/Versions/A/Frameworks/JavaRuntimeSupport.framework/Versions/A/JavaRuntimeSupport
0x000000010e728000 	/System/Library/Frameworks/JavaVM.framework/Versions/A/JavaVM
0x000000010e765000 	/System/Library/PrivateFrameworks/JavaLaunching.framework/Versions/A/JavaLaunching
0x00000000239e9000 	/System/Library/Frameworks/Carbon.framework/Versions/A/Carbon
0x00000000239e9000 	/System/Library/Frameworks/Carbon.framework/Versions/A/Frameworks/CommonPanels.framework/Versions/A/CommonPanels
0x00000000239e9000 	/System/Library/Frameworks/Carbon.framework/Versions/A/Frameworks/Help.framework/Versions/A/Help
0x00000000239e9000 	/System/Library/Frameworks/Carbon.framework/Versions/A/Frameworks/ImageCapture.framework/Versions/A/ImageCapture
0x00000000239e9000 	/System/Library/Frameworks/Carbon.framework/Versions/A/Frameworks/OpenScripting.framework/Versions/A/OpenScripting
0x00000000239e9000 	/System/Library/Frameworks/Carbon.framework/Versions/A/Frameworks/Print.framework/Versions/A/Print
0x00000000239e9000 	/System/Library/Frameworks/Carbon.framework/Versions/A/Frameworks/SecurityHI.framework/Versions/A/SecurityHI
0x00000001116df000 	/Applications/Android Studio.app/Contents/jre/jdk/Contents/Home/jre/lib/libawt_lwawt.dylib
0x000000010e771000 	/Applications/Android Studio.app/Contents/jre/jdk/Contents/Home/jre/lib/./libosxapp.dylib
0x00000000239e9000 	/System/Library/Frameworks/ExceptionHandling.framework/Versions/A/ExceptionHandling

VM Arguments:
jvm_args: -Xmx1536m -Dfile.encoding=UTF-8 -Duser.country=CA -Duser.language=en -Duser.variant 
java_command: org.gradle.launcher.daemon.bootstrap.GradleDaemon 4.1
java_class_path (initial): /Users/heesoopark/.gradle/wrapper/dists/gradle-4.1-all/bzyivzo6n839fup2jbap0tjew/gradle-4.1/lib/gradle-launcher-4.1.jar
Launcher Type: SUN_STANDARD

Environment Variables:
PATH=/usr/bin:/bin:/usr/sbin:/sbin
SHELL=/bin/bash

Signal Handlers:
SIGSEGV: [libjvm.dylib+0x53e133], sa_mask[0]=11111111011111110111111111111111, sa_flags=SA_ONSTACK|SA_RESTART|SA_SIGINFO
SIGBUS: [libjvm.dylib+0x53e133], sa_mask[0]=11111111011111110111111111111111, sa_flags=SA_RESTART|SA_SIGINFO
SIGFPE: [libjvm.dylib+0x4369af], sa_mask[0]=11111111011111110111111111111111, sa_flags=SA_RESTART|SA_SIGINFO
SIGPIPE: [libjvm.dylib+0x4369af], sa_mask[0]=11111111011111110111111111111111, sa_flags=SA_RESTART|SA_SIGINFO
SIGXFSZ: [libjvm.dylib+0x4369af], sa_mask[0]=11111111011111110111111111111111, sa_flags=SA_RESTART|SA_SIGINFO
SIGILL: [libjvm.dylib+0x4369af], sa_mask[0]=11111111011111110111111111111111, sa_flags=SA_RESTART|SA_SIGINFO
SIGUSR1: SIG_DFL, sa_mask[0]=00000000000000000000000000000000, sa_flags=none
SIGUSR2: [libjvm.dylib+0x4372d4], sa_mask[0]=00100000000000000000000000000000, sa_flags=SA_RESTART|SA_SIGINFO
SIGHUP: [libjvm.dylib+0x4354c9], sa_mask[0]=11111111011111110111111111111111, sa_flags=SA_RESTART|SA_SIGINFO
SIGINT: [libjvm.dylib+0x4354c9], sa_mask[0]=11111111011111110111111111111111, sa_flags=SA_RESTART|SA_SIGINFO
SIGTERM: [libjvm.dylib+0x4354c9], sa_mask[0]=11111111011111110111111111111111, sa_flags=SA_RESTART|SA_SIGINFO
SIGQUIT: [libjvm.dylib+0x4354c9], sa_mask[0]=11111111011111110111111111111111, sa_flags=SA_RESTART|SA_SIGINFO


---------------  S Y S T E M  ---------------

OS:Bsduname:Darwin 16.7.0 Darwin Kernel Version 16.7.0: Thu Jan 11 22:59:40 PST 2018; root:xnu-3789.73.8~1/RELEASE_X86_64 x86_64
rlimit: STACK 8192k, CORE 0k, NPROC 709, NOFILE 10240, AS infinity
load average:5.56 3.73 3.14

CPU:total 4 (initial active 4) (2 cores per cpu, 2 threads per core) family 6 model 58 stepping 9, cmov, cx8, fxsr, mmx, sse, sse2, sse3, ssse3, sse4.1, sse4.2, popcnt, avx, aes, clmul, erms, ht, tsc, tscinvbit, tscinv

Memory: 4k page, physical 8388608k(29456k free)

/proc/meminfo:


vm_info: OpenJDK 64-Bit Server VM (25.152-b08) for bsd-amd64 JRE (1.8.0_152-release-915-b08), built by "builder" with gcc 4.2.1 Compatible Apple LLVM 8.1.0 (clang-802.0.42)

time: Tue Mar 13 11:06:00 2018
elapsed time: 3726 seconds (0d 1h 2m 6s)

